<?xml version="1.0" encoding="UTF-8"?>
<testsuite name="smxpage"
           tests="1"
           failures="1"
           errors="0"
           skipped="0"
           time="284.911">
  <properties />
            <testcase name="Smoke_TC2" time="284.911" classname="com.research.smoke.smxpage.SMXPage_TC">
                <failure type="java.lang.AssertionError"
                  message="null"
              >
<![CDATA[java.lang.AssertionError: null
  org.testng.Assert.fail(Assert.java:96)
  org.testng.Assert.fail(Assert.java:103)
  utility.SeleniumUtils.click(SeleniumUtils.java:96)
  pageobjects.SMXPage.enterRatingScaleGridButton(SMXPage.java:884)
  pageobjects.SMXPage.createSurvey(SMXPage.java:63)
  com.research.smoke.smxpage.SMXPage_TC.Smoke_TC2(SMXPage_TC.java:116)
  sun.reflect.NativeMethodAccessorImpl.invoke0(Native Method)
  sun.reflect.NativeMethodAccessorImpl.invoke(NativeMethodAccessorImpl.java:62)
  sun.reflect.DelegatingMethodAccessorImpl.invoke(DelegatingMethodAccessorImpl.java:43)
  java.lang.reflect.Method.invoke(Method.java:498)
  org.testng.internal.MethodInvocationHelper.invokeMethod(MethodInvocationHelper.java:124)
  org.testng.internal.Invoker.invokeMethod(Invoker.java:583)
  org.testng.internal.Invoker.invokeTestMethod(Invoker.java:719)
  org.testng.internal.Invoker.invokeTestMethods(Invoker.java:989)
  org.testng.internal.TestMethodWorker.invokeTestMethods(TestMethodWorker.java:125)
  org.testng.internal.TestMethodWorker.run(TestMethodWorker.java:109)
  org.testng.TestRunner.privateRun(TestRunner.java:648)
  org.testng.TestRunner.run(TestRunner.java:505)
  org.testng.SuiteRunner.runTest(SuiteRunner.java:455)
  org.testng.SuiteRunner.access$000(SuiteRunner.java:40)
  org.testng.SuiteRunner$SuiteWorker.run(SuiteRunner.java:489)
  org.testng.internal.thread.ThreadUtil$1.call(ThreadUtil.java:52)
  java.util.concurrent.FutureTask.run(FutureTask.java:266)
  java.util.concurrent.ThreadPoolExecutor.runWorker(ThreadPoolExecutor.java:1149)
  java.util.concurrent.ThreadPoolExecutor$Worker.run(ThreadPoolExecutor.java:624)
  java.lang.Thread.run(Thread.java:748)
]]>
      </failure>

          </testcase>
  
  
  
</testsuite>
