<html>
<head>
<title>TestNG:  Send email Reminders to non-participants.</title>
<link href="../testng.css" rel="stylesheet" type="text/css" />
<link href="../my-testng.css" rel="stylesheet" type="text/css" />

<style type="text/css">
.log { display: none;} 
.stack-trace { display: none;} 
</style>
<script type="text/javascript">
<!--
function flip(e) {
  current = e.style.display;
  if (current == 'block') {
    e.style.display = 'none';
    return 0;
  }
  else {
    e.style.display = 'block';
    return 1;
  }
}

function toggleBox(szDivId, elem, msg1, msg2)
{
  var res = -1;  if (document.getElementById) {
    res = flip(document.getElementById(szDivId));
  }
  else if (document.all) {
    // this is the way old msie versions work
    res = flip(document.all[szDivId]);
  }
  if(elem) {
    if(res == 0) elem.innerHTML = msg1; else elem.innerHTML = msg2;
  }

}

function toggleAllBoxes() {
  if (document.getElementsByTagName) {
    d = document.getElementsByTagName('div');
    for (i = 0; i < d.length; i++) {
      if (d[i].className == 'log') {
        flip(d[i]);
      }
    }
  }
}

// -->
</script>

</head>
<body>
<h2 align='center'>Send email Reminders to non-participants.</h2><table border='1' align="center">
<tr>
<td>Tests passed/Failed/Skipped:</td><td>1/3/0</td>
</tr><tr>
<td>Started on:</td><td>Tue Jan 26 15:34:53 IST 2021</td>
</tr>
<tr><td>Total time:</td><td>917 seconds (917809 ms)</td>
</tr><tr>
<td>Included groups:</td><td>sendSurveyReminder API </td>
</tr><tr>
<td>Excluded groups:</td><td></td>
</tr>
</table><p/>
<small><i>(Hover the method name to see the test class name)</i></small><p/>
<table width='100%' border='1' class='invocation-failed'>
<tr><td colspan='4' align='center'><b>FAILED TESTS</b></td></tr>
<tr><td><b>Test method</b></td>
<td width="30%"><b>Exception</b></td>
<td width="10%"><b>Time (seconds)</b></td>
<td><b>Instance</b></td>
</tr>
<tr>
<td title='com.sogo.api.API_TC.API_TC17()'><b>API_TC17</b><br>Test class: com.sogo.api.API_TC<br>Parameters: {TestCaseName=API_TC17, CaseToRun=Y, Lead=Nadeem, Owner=Gaurav, Role=Admin, Module=Publish, Test_Name=sendSurveyReminder() API, Test_Description=sendSurveyReminder() API - Send reminder of active survey., ExpectedResult=, Pass/Fail/Skip=PASS, statusCode=200, respData=, headerList=, Failure Reason=, surveyNo=377, surveyTitle=, isSurveyActive=, anonymous=, semiAnonymous=, isUniquePassword=, urlExpiry=, inthour=, surveyKeyURL=, passwordtype=, expirydays=, participationStatus=, emailhost=gmail,outlook, stremailaddress=tguru3196@gmail.com,testing_gg@outlook.com, emailPassword=gvg3196@test,gvg3196@test,gvg3196@test, subject=Automation sendsurvey reminder template, issurveyaccesscodes=, surveyData=, intstartno=, intendno=, listname=, intoperationtype=, isallowduplicate=, path=serviceAPI/service/sendSurveyReminder}<br/>
<a href="#Output-1595463407" onClick='toggleBox("Output-1595463407", this, "Show output", "Hide output");'>Show output</a>

<a href="#Output-1595463407" onClick="toggleAllBoxes();">Show all outputs</a>
<div class='log' id="Output-1595463407">
Test description : <b>sendSurveyReminder() API - Send reminder of active survey.</b><br/>
Expected mail with subject <b>Automation sendsurvey reminder template</b> is not received.<br/>
</div>
</td>
<td><div><pre>java.lang.AssertionError: null
	at pageobjects.APIs.readRecentEmail(APIs.java:1026)
	at pageobjects.APIs.getInviteURLFromEmail(APIs.java:1077)
	at pageobjects.APIs.sendSurveyInviteWithReminder(APIs.java:255)
	at com.sogo.api.API_TC.API_TC17(API_TC.java:969)
	at java.base/java.util.concurrent.FutureTask.run(FutureTask.java:264)
	at java.base/java.util.concurrent.ThreadPoolExecutor.runWorker(ThreadPoolExecutor.java:1130)
	at java.base/java.util.concurrent.ThreadPoolExecutor$Worker.run(ThreadPoolExecutor.java:630)
	at java.base/java.lang.Thread.run(Thread.java:832)
... Removed 18 stack frames</pre></div><a href='#' onClick='toggleBox("stack-trace1595463407", this, "Click to show all stack frames", "Click to hide stack frames")'>Click to show all stack frames</a>
<div class='stack-trace' id='stack-trace1595463407'><pre>java.lang.AssertionError: null
	at org.testng.Assert.fail(Assert.java:96)
	at org.testng.Assert.fail(Assert.java:103)
	at pageobjects.APIs.readRecentEmail(APIs.java:1026)
	at pageobjects.APIs.getInviteURLFromEmail(APIs.java:1077)
	at pageobjects.APIs.sendSurveyInviteWithReminder(APIs.java:255)
	at com.sogo.api.API_TC.API_TC17(API_TC.java:969)
	at java.base/jdk.internal.reflect.NativeMethodAccessorImpl.invoke0(Native Method)
	at java.base/jdk.internal.reflect.NativeMethodAccessorImpl.invoke(NativeMethodAccessorImpl.java:62)
	at java.base/jdk.internal.reflect.DelegatingMethodAccessorImpl.invoke(DelegatingMethodAccessorImpl.java:43)
	at java.base/java.lang.reflect.Method.invoke(Method.java:564)
	at org.testng.internal.MethodInvocationHelper.invokeMethod(MethodInvocationHelper.java:124)
	at org.testng.internal.Invoker.invokeMethod(Invoker.java:583)
	at org.testng.internal.Invoker.invokeTestMethod(Invoker.java:719)
	at org.testng.internal.Invoker.invokeTestMethods(Invoker.java:989)
	at org.testng.internal.TestMethodWorker.invokeTestMethods(TestMethodWorker.java:125)
	at org.testng.internal.TestMethodWorker.run(TestMethodWorker.java:109)
	at org.testng.TestRunner.privateRun(TestRunner.java:648)
	at org.testng.TestRunner.run(TestRunner.java:505)
	at org.testng.SuiteRunner.runTest(SuiteRunner.java:455)
	at org.testng.SuiteRunner.access$000(SuiteRunner.java:40)
	at org.testng.SuiteRunner$SuiteWorker.run(SuiteRunner.java:489)
	at org.testng.internal.thread.ThreadUtil$1.call(ThreadUtil.java:52)
	at java.base/java.util.concurrent.FutureTask.run(FutureTask.java:264)
	at java.base/java.util.concurrent.ThreadPoolExecutor.runWorker(ThreadPoolExecutor.java:1130)
	at java.base/java.util.concurrent.ThreadPoolExecutor$Worker.run(ThreadPoolExecutor.java:630)
	at java.base/java.lang.Thread.run(Thread.java:832)
</pre></div></td>
<td>304</td>
<td>com.sogo.api.API_TC@63070bab</td></tr>
<tr>
<td title='com.sogo.api.API_TC.API_TC18()'><b>API_TC18</b><br>Test class: com.sogo.api.API_TC<br>Parameters: {TestCaseName=API_TC18, CaseToRun=Y, Lead=Nadeem, Owner=Gaurav, Role=Admin, Module=Publish, Test_Name=sendSurveyReminder() API, Test_Description=sendSurveyReminder() API - Send reminder of active assessment., ExpectedResult=, Pass/Fail/Skip=PASS, statusCode=200, respData=, headerList=, Failure Reason=, surveyNo=378, surveyTitle=, isSurveyActive=, anonymous=, semiAnonymous=, isUniquePassword=, urlExpiry=, inthour=, surveyKeyURL=, passwordtype=, expirydays=, participationStatus=, emailhost=gmail,outlook, stremailaddress=tguru3196@gmail.com,testing_gg@outlook.com, emailPassword=gvg3196@test,gvg3196@test,gvg3196@test, subject=Automation sendsurvey reminder template, issurveyaccesscodes=, surveyData=, intstartno=, intendno=, listname=, intoperationtype=, isallowduplicate=, path=serviceAPI/service/sendSurveyReminder}<br/>
<a href="#Output-988881192" onClick='toggleBox("Output-988881192", this, "Show output", "Hide output");'>Show output</a>

<a href="#Output-988881192" onClick="toggleAllBoxes();">Show all outputs</a>
<div class='log' id="Output-988881192">
Test description : <b>sendSurveyReminder() API - Send reminder of active assessment.</b><br/>
Expected mail with subject <b>Automation sendsurvey reminder template</b> is not received.<br/>
</div>
</td>
<td><div><pre>java.lang.AssertionError: null
	at pageobjects.APIs.readRecentEmail(APIs.java:1026)
	at pageobjects.APIs.getInviteURLFromEmail(APIs.java:1077)
	at pageobjects.APIs.sendSurveyInviteWithReminder(APIs.java:255)
	at com.sogo.api.API_TC.API_TC18(API_TC.java:1021)
	at java.base/java.util.concurrent.FutureTask.run(FutureTask.java:264)
	at java.base/java.util.concurrent.ThreadPoolExecutor.runWorker(ThreadPoolExecutor.java:1130)
	at java.base/java.util.concurrent.ThreadPoolExecutor$Worker.run(ThreadPoolExecutor.java:630)
	at java.base/java.lang.Thread.run(Thread.java:832)
... Removed 18 stack frames</pre></div><a href='#' onClick='toggleBox("stack-trace988881192", this, "Click to show all stack frames", "Click to hide stack frames")'>Click to show all stack frames</a>
<div class='stack-trace' id='stack-trace988881192'><pre>java.lang.AssertionError: null
	at org.testng.Assert.fail(Assert.java:96)
	at org.testng.Assert.fail(Assert.java:103)
	at pageobjects.APIs.readRecentEmail(APIs.java:1026)
	at pageobjects.APIs.getInviteURLFromEmail(APIs.java:1077)
	at pageobjects.APIs.sendSurveyInviteWithReminder(APIs.java:255)
	at com.sogo.api.API_TC.API_TC18(API_TC.java:1021)
	at java.base/jdk.internal.reflect.NativeMethodAccessorImpl.invoke0(Native Method)
	at java.base/jdk.internal.reflect.NativeMethodAccessorImpl.invoke(NativeMethodAccessorImpl.java:62)
	at java.base/jdk.internal.reflect.DelegatingMethodAccessorImpl.invoke(DelegatingMethodAccessorImpl.java:43)
	at java.base/java.lang.reflect.Method.invoke(Method.java:564)
	at org.testng.internal.MethodInvocationHelper.invokeMethod(MethodInvocationHelper.java:124)
	at org.testng.internal.Invoker.invokeMethod(Invoker.java:583)
	at org.testng.internal.Invoker.invokeTestMethod(Invoker.java:719)
	at org.testng.internal.Invoker.invokeTestMethods(Invoker.java:989)
	at org.testng.internal.TestMethodWorker.invokeTestMethods(TestMethodWorker.java:125)
	at org.testng.internal.TestMethodWorker.run(TestMethodWorker.java:109)
	at org.testng.TestRunner.privateRun(TestRunner.java:648)
	at org.testng.TestRunner.run(TestRunner.java:505)
	at org.testng.SuiteRunner.runTest(SuiteRunner.java:455)
	at org.testng.SuiteRunner.access$000(SuiteRunner.java:40)
	at org.testng.SuiteRunner$SuiteWorker.run(SuiteRunner.java:489)
	at org.testng.internal.thread.ThreadUtil$1.call(ThreadUtil.java:52)
	at java.base/java.util.concurrent.FutureTask.run(FutureTask.java:264)
	at java.base/java.util.concurrent.ThreadPoolExecutor.runWorker(ThreadPoolExecutor.java:1130)
	at java.base/java.util.concurrent.ThreadPoolExecutor$Worker.run(ThreadPoolExecutor.java:630)
	at java.base/java.lang.Thread.run(Thread.java:832)
</pre></div></td>
<td>303</td>
<td>com.sogo.api.API_TC@63070bab</td></tr>
<tr>
<td title='com.sogo.api.API_TC.API_TC19()'><b>API_TC19</b><br>Test class: com.sogo.api.API_TC<br>Parameters: {TestCaseName=API_TC19, CaseToRun=Y, Lead=Nadeem, Owner=Gaurav, Role=Admin, Module=Publish, Test_Name=sendSurveyReminder() API, Test_Description=sendSurveyReminder() API - Send reminder of active CX survey., ExpectedResult=, Pass/Fail/Skip=PASS, statusCode=200, respData=, headerList=, Failure Reason=, surveyNo=379, surveyTitle=, isSurveyActive=, anonymous=, semiAnonymous=, isUniquePassword=, urlExpiry=, inthour=, surveyKeyURL=, passwordtype=, expirydays=, participationStatus=, emailhost=gmail,outlook, stremailaddress=tguru3196@gmail.com,testing_gg@outlook.com, emailPassword=gvg3196@test,gvg3196@test,gvg3196@test, subject=Automation sendsurvey reminder template, issurveyaccesscodes=, surveyData=, intstartno=, intendno=, listname=, intoperationtype=, isallowduplicate=, path=serviceAPI/service/sendSurveyReminder}<br/>
<a href="#Output-1592565175" onClick='toggleBox("Output-1592565175", this, "Show output", "Hide output");'>Show output</a>

<a href="#Output-1592565175" onClick="toggleAllBoxes();">Show all outputs</a>
<div class='log' id="Output-1592565175">
Test description : <b>sendSurveyReminder() API - Send reminder of active CX survey.</b><br/>
Expected mail with subject <b>Automation sendsurvey reminder template</b> is not received.<br/>
</div>
</td>
<td><div><pre>java.lang.AssertionError: null
	at pageobjects.APIs.readRecentEmail(APIs.java:1026)
	at pageobjects.APIs.getInviteURLFromEmail(APIs.java:1077)
	at pageobjects.APIs.sendSurveyInviteWithReminder(APIs.java:255)
	at com.sogo.api.API_TC.API_TC19(API_TC.java:1073)
	at java.base/java.util.concurrent.FutureTask.run(FutureTask.java:264)
	at java.base/java.util.concurrent.ThreadPoolExecutor.runWorker(ThreadPoolExecutor.java:1130)
	at java.base/java.util.concurrent.ThreadPoolExecutor$Worker.run(ThreadPoolExecutor.java:630)
	at java.base/java.lang.Thread.run(Thread.java:832)
... Removed 18 stack frames</pre></div><a href='#' onClick='toggleBox("stack-trace1592565175", this, "Click to show all stack frames", "Click to hide stack frames")'>Click to show all stack frames</a>
<div class='stack-trace' id='stack-trace1592565175'><pre>java.lang.AssertionError: null
	at org.testng.Assert.fail(Assert.java:96)
	at org.testng.Assert.fail(Assert.java:103)
	at pageobjects.APIs.readRecentEmail(APIs.java:1026)
	at pageobjects.APIs.getInviteURLFromEmail(APIs.java:1077)
	at pageobjects.APIs.sendSurveyInviteWithReminder(APIs.java:255)
	at com.sogo.api.API_TC.API_TC19(API_TC.java:1073)
	at java.base/jdk.internal.reflect.NativeMethodAccessorImpl.invoke0(Native Method)
	at java.base/jdk.internal.reflect.NativeMethodAccessorImpl.invoke(NativeMethodAccessorImpl.java:62)
	at java.base/jdk.internal.reflect.DelegatingMethodAccessorImpl.invoke(DelegatingMethodAccessorImpl.java:43)
	at java.base/java.lang.reflect.Method.invoke(Method.java:564)
	at org.testng.internal.MethodInvocationHelper.invokeMethod(MethodInvocationHelper.java:124)
	at org.testng.internal.Invoker.invokeMethod(Invoker.java:583)
	at org.testng.internal.Invoker.invokeTestMethod(Invoker.java:719)
	at org.testng.internal.Invoker.invokeTestMethods(Invoker.java:989)
	at org.testng.internal.TestMethodWorker.invokeTestMethods(TestMethodWorker.java:125)
	at org.testng.internal.TestMethodWorker.run(TestMethodWorker.java:109)
	at org.testng.TestRunner.privateRun(TestRunner.java:648)
	at org.testng.TestRunner.run(TestRunner.java:505)
	at org.testng.SuiteRunner.runTest(SuiteRunner.java:455)
	at org.testng.SuiteRunner.access$000(SuiteRunner.java:40)
	at org.testng.SuiteRunner$SuiteWorker.run(SuiteRunner.java:489)
	at org.testng.internal.thread.ThreadUtil$1.call(ThreadUtil.java:52)
	at java.base/java.util.concurrent.FutureTask.run(FutureTask.java:264)
	at java.base/java.util.concurrent.ThreadPoolExecutor.runWorker(ThreadPoolExecutor.java:1130)
	at java.base/java.util.concurrent.ThreadPoolExecutor$Worker.run(ThreadPoolExecutor.java:630)
	at java.base/java.lang.Thread.run(Thread.java:832)
</pre></div></td>
<td>307</td>
<td>com.sogo.api.API_TC@63070bab</td></tr>
</table><p>
<table width='100%' border='1' class='invocation-passed'>
<tr><td colspan='4' align='center'><b>PASSED TESTS</b></td></tr>
<tr><td><b>Test method</b></td>
<td width="30%"><b>Exception</b></td>
<td width="10%"><b>Time (seconds)</b></td>
<td><b>Instance</b></td>
</tr>
<tr>
<td title='com.sogo.api.API_TC.API_TC20()'><b>API_TC20</b><br>Test class: com.sogo.api.API_TC<br>Parameters: {TestCaseName=API_TC20, CaseToRun=Y, Lead=Nadeem, Owner=Gaurav, Role=Admin, Module=Publish, Test_Name=sendSurveyReminder() API, Test_Description=sendSurveyReminder() API - Send reminder of expired survey., ExpectedResult=, Pass/Fail/Skip=PASS, statusCode=200, respData=, headerList=, Failure Reason=, surveyNo=321, surveyTitle=, isSurveyActive=N, anonymous=, semiAnonymous=, isUniquePassword=, urlExpiry=, inthour=, surveyKeyURL=, passwordtype=, expirydays=, participationStatus=, emailhost=, stremailaddress=, emailPassword=, subject=, issurveyaccesscodes=, surveyData=, intstartno=, intendno=, listname=, intoperationtype=, isallowduplicate=, path=serviceAPI/service/sendSurveyReminder}<br/>
<a href="#Output-2066483739" onClick='toggleBox("Output-2066483739", this, "Show output", "Hide output");'>Show output</a>

<a href="#Output-2066483739" onClick="toggleAllBoxes();">Show all outputs</a>
<div class='log' id="Output-2066483739">
Test description : <b>sendSurveyReminder() API - Send reminder of expired survey.</b><br/>
Survey ID 321 is expired. Hence, invitations were not sent to following email ids, <br/> <b>[testing_gg@outlook.com, tguru3196@gmail.com]</b> <br/>{
    "Status": "Error",
    "Description": "Survey Expired"
}<br/>
</div>
</td>
<td></td>
<td>1</td>
<td>com.sogo.api.API_TC@63070bab</td></tr>
</table><p>
</body>
</html>