<?xml version="1.0" encoding="UTF-8"?>
<!-- Generated by org.testng.reporters.JUnitXMLReporter -->
<testsuite hostname="Sanket-PC" ignored="0" name="smxpage" tests="1" failures="1" timestamp="25 Nov 2020 14:50:09 GMT" time="290.272" errors="0">
  <testcase name="Smoke_TC2" time="284.911" classname="com.research.smoke.smxpage.SMXPage_TC">
    <failure type="java.lang.AssertionError" message="null">
      <![CDATA[java.lang.AssertionError: null
at utility.SeleniumUtils.click(SeleniumUtils.java:96)
at pageobjects.SMXPage.enterRatingScaleGridButton(SMXPage.java:884)
at pageobjects.SMXPage.createSurvey(SMXPage.java:63)
at com.research.smoke.smxpage.SMXPage_TC.Smoke_TC2(SMXPage_TC.java:116)
at java.util.concurrent.FutureTask.run(FutureTask.java:266)
at java.util.concurrent.ThreadPoolExecutor.runWorker(ThreadPoolExecutor.java:1149)
at java.util.concurrent.ThreadPoolExecutor$Worker.run(ThreadPoolExecutor.java:624)
at java.lang.Thread.run(Thread.java:748)
... Removed 18 stack frames]]>
    </failure>
  </testcase> <!-- Smoke_TC2 -->
</testsuite> <!-- smxpage -->
