<html>
<head>
<title>TestNG:  Default test</title>
<link href="../testng.css" rel="stylesheet" type="text/css" />
<link href="../my-testng.css" rel="stylesheet" type="text/css" />

<style type="text/css">
.log { display: none;} 
.stack-trace { display: none;} 
</style>
<script type="text/javascript">
<!--
function flip(e) {
  current = e.style.display;
  if (current == 'block') {
    e.style.display = 'none';
    return 0;
  }
  else {
    e.style.display = 'block';
    return 1;
  }
}

function toggleBox(szDivId, elem, msg1, msg2)
{
  var res = -1;  if (document.getElementById) {
    res = flip(document.getElementById(szDivId));
  }
  else if (document.all) {
    // this is the way old msie versions work
    res = flip(document.all[szDivId]);
  }
  if(elem) {
    if(res == 0) elem.innerHTML = msg1; else elem.innerHTML = msg2;
  }

}

function toggleAllBoxes() {
  if (document.getElementsByTagName) {
    d = document.getElementsByTagName('div');
    for (i = 0; i < d.length; i++) {
      if (d[i].className == 'log') {
        flip(d[i]);
      }
    }
  }
}

// -->
</script>

</head>
<body>
<h2 align='center'>Default test</h2><table border='1' align="center">
<tr>
<td>Tests passed/Failed/Skipped:</td><td>0/1/0</td>
</tr><tr>
<td>Started on:</td><td>Tue Nov 23 20:32:21 IST 2021</td>
</tr>
<tr><td>Total time:</td><td>80 seconds (80158 ms)</td>
</tr><tr>
<td>Included groups:</td><td></td>
</tr><tr>
<td>Excluded groups:</td><td></td>
</tr>
</table><p/>
<small><i>(Hover the method name to see the test class name)</i></small><p/>
<table width='100%' border='1' class='invocation-failed'>
<tr><td colspan='4' align='center'><b>FAILED CONFIGURATIONS</b></td></tr>
<tr><td><b>Test method</b></td>
<td width="30%"><b>Exception</b></td>
<td width="10%"><b>Time (seconds)</b></td>
<td><b>Instance</b></td>
</tr>
<tr>
<td title='com.sogo.smoke.smxpage.SMXPage_TC.reporterDataResults()'><b>reporterDataResults</b><br>Test class: com.sogo.smoke.smxpage.SMXPage_TC<br>Parameters: [TestResult name=Smoke_TC2 status=FAILURE method=SMXPage_TC.Smoke_TC2(java.util.LinkedHashMap)[pri:0, instance:com.sogo.smoke.smxpage.SMXPage_TC@61710c6] output=Successfully waited for Login Button Static to be present on page.]</td>
<td><div><pre>org.openqa.selenium.WebDriverException: chrome not reachable
  (Session info: chrome=96.0.4664.45)
Build info: version: &apos;3.141.59&apos;, revision: &apos;e82be7d358&apos;, time: &apos;2018-11-14T08:17:03&apos;
System info: host: &apos;DESKTOP-BKEKTO6&apos;, ip: &apos;172.16.4.4&apos;, os.name: &apos;Windows 10&apos;, os.arch: &apos;amd64&apos;, os.version: &apos;10.0&apos;, java.version: &apos;14.0.2&apos;
Driver info: org.openqa.selenium.chrome.ChromeDriver
Capabilities {acceptInsecureCerts: false, browserName: chrome, browserVersion: 96.0.4664.45, chrome: {chromedriverVersion: 96.0.4664.45 (76e4c1bb2ab46..., userDataDir: C:\Users\ZARCAI~1\AppData\L...}, goog:chromeOptions: {debuggerAddress: localhost:60007}, javascriptEnabled: true, networkConnectionEnabled: false, pageLoadStrategy: normal, platform: WINDOWS, platformName: WINDOWS, proxy: Proxy(), setWindowRect: true, strictFileInteractability: false, timeouts: {implicit: 0, pageLoad: 300000, script: 30000}, unhandledPromptBehavior: accept, webauthn:extension:credBlob: true, webauthn:extension:largeBlob: true, webauthn:virtualAuthenticators: true}
Session ID: 3154ad38cd84e7fb1bdfdbc76818bb25
	at java.base/jdk.internal.reflect.NativeConstructorAccessorImpl.newInstance0(Native Method)
	at java.base/jdk.internal.reflect.NativeConstructorAccessorImpl.newInstance(NativeConstructorAccessorImpl.java:62)
	at java.base/jdk.internal.reflect.DelegatingConstructorAccessorImpl.newInstance(DelegatingConstructorAccessorImpl.java:45)
	at java.base/java.lang.reflect.Constructor.newInstanceWithCaller(Constructor.java:500)
	at java.base/java.lang.reflect.Constructor.newInstance(Constructor.java:481)
	at org.openqa.selenium.remote.http.W3CHttpResponseCodec.createException(W3CHttpResponseCodec.java:187)
	at org.openqa.selenium.remote.http.W3CHttpResponseCodec.decode(W3CHttpResponseCodec.java:122)
	at org.openqa.selenium.remote.http.W3CHttpResponseCodec.decode(W3CHttpResponseCodec.java:49)
	at org.openqa.selenium.remote.HttpCommandExecutor.execute(HttpCommandExecutor.java:158)
	at org.openqa.selenium.remote.service.DriverCommandExecutor.execute(DriverCommandExecutor.java:83)
	at org.openqa.selenium.remote.RemoteWebDriver.execute(RemoteWebDriver.java:552)
	at org.openqa.selenium.remote.RemoteWebDriver.execute(RemoteWebDriver.java:609)
	at org.openqa.selenium.remote.RemoteWebDriver.getScreenshotAs(RemoteWebDriver.java:295)
	at testsuitebase.SuiteBase.captureScreenShot(SuiteBase.java:276)
	at com.sogo.smoke.smxpage.SMXPage_TC.reporterDataResults(SMXPage_TC.java:134)
	at java.base/jdk.internal.reflect.NativeMethodAccessorImpl.invoke0(Native Method)
	at java.base/jdk.internal.reflect.NativeMethodAccessorImpl.invoke(NativeMethodAccessorImpl.java:62)
	at java.base/jdk.internal.reflect.DelegatingMethodAccessorImpl.invoke(DelegatingMethodAccessorImpl.java:43)
	at java.base/java.lang.reflect.Method.invoke(Method.java:564)
	at org.testng.internal.MethodInvocationHelper.invokeMethod(MethodInvocationHelper.java:124)
	at org.testng.internal.MethodInvocationHelper.invokeMethodConsideringTimeout(MethodInvocationHelper.java:59)
	at org.testng.internal.Invoker.invokeConfigurationMethod(Invoker.java:458)
	at org.testng.internal.Invoker.invokeConfigurations(Invoker.java:222)
	at org.testng.internal.Invoker.invokeMethod(Invoker.java:646)
	at org.testng.internal.Invoker.invokeTestMethod(Invoker.java:719)
	at org.testng.internal.Invoker.invokeTestMethods(Invoker.java:989)
	at org.testng.internal.TestMethodWorker.invokeTestMethods(TestMethodWorker.java:125)
	at org.testng.internal.TestMethodWorker.run(TestMethodWorker.java:109)
	at org.testng.TestRunner.privateRun(TestRunner.java:648)
	at org.testng.TestRunner.run(TestRunner.java:505)
	at org.testng.SuiteRunner.runTest(SuiteRunner.java:455)
	at org.testng.SuiteRunner.runSequentially(SuiteRunner.java:450)
	at org.testng.SuiteRunner.privateRun(SuiteRunner.java:415)
	at org.testng.SuiteRunner.run(SuiteRunner.java:364)
	at org.testng.SuiteRunnerWorker.runSuite(SuiteRunnerWorker.java:52)
	at org.testng.SuiteRunnerWorker.run(SuiteRunnerWorker.java:84)
	at org.testng.TestNG.runSuitesSequentially(TestNG.java:1208)
	at org.testng.TestNG.runSuitesLocally(TestNG.java:1137)
	at org.testng.TestNG.runSuites(TestNG.java:1049)
	at org.testng.TestNG.run(TestNG.java:1017)
	at org.testng.remote.AbstractRemoteTestNG.run(AbstractRemoteTestNG.java:115)
	at org.testng.remote.RemoteTestNG.initAndRun(RemoteTestNG.java:251)
	at org.testng.remote.RemoteTestNG.main(RemoteTestNG.java:77)
</pre></div><a href='#' onClick='toggleBox("stack-trace302085789", this, "Click to show all stack frames", "Click to hide stack frames")'>Click to show all stack frames</a>
<div class='stack-trace' id='stack-trace302085789'><pre>org.openqa.selenium.WebDriverException: chrome not reachable
  (Session info: chrome=96.0.4664.45)
Build info: version: &apos;3.141.59&apos;, revision: &apos;e82be7d358&apos;, time: &apos;2018-11-14T08:17:03&apos;
System info: host: &apos;DESKTOP-BKEKTO6&apos;, ip: &apos;172.16.4.4&apos;, os.name: &apos;Windows 10&apos;, os.arch: &apos;amd64&apos;, os.version: &apos;10.0&apos;, java.version: &apos;14.0.2&apos;
Driver info: org.openqa.selenium.chrome.ChromeDriver
Capabilities {acceptInsecureCerts: false, browserName: chrome, browserVersion: 96.0.4664.45, chrome: {chromedriverVersion: 96.0.4664.45 (76e4c1bb2ab46..., userDataDir: C:\Users\ZARCAI~1\AppData\L...}, goog:chromeOptions: {debuggerAddress: localhost:60007}, javascriptEnabled: true, networkConnectionEnabled: false, pageLoadStrategy: normal, platform: WINDOWS, platformName: WINDOWS, proxy: Proxy(), setWindowRect: true, strictFileInteractability: false, timeouts: {implicit: 0, pageLoad: 300000, script: 30000}, unhandledPromptBehavior: accept, webauthn:extension:credBlob: true, webauthn:extension:largeBlob: true, webauthn:virtualAuthenticators: true}
Session ID: 3154ad38cd84e7fb1bdfdbc76818bb25
	at java.base/jdk.internal.reflect.NativeConstructorAccessorImpl.newInstance0(Native Method)
	at java.base/jdk.internal.reflect.NativeConstructorAccessorImpl.newInstance(NativeConstructorAccessorImpl.java:62)
	at java.base/jdk.internal.reflect.DelegatingConstructorAccessorImpl.newInstance(DelegatingConstructorAccessorImpl.java:45)
	at java.base/java.lang.reflect.Constructor.newInstanceWithCaller(Constructor.java:500)
	at java.base/java.lang.reflect.Constructor.newInstance(Constructor.java:481)
	at org.openqa.selenium.remote.http.W3CHttpResponseCodec.createException(W3CHttpResponseCodec.java:187)
	at org.openqa.selenium.remote.http.W3CHttpResponseCodec.decode(W3CHttpResponseCodec.java:122)
	at org.openqa.selenium.remote.http.W3CHttpResponseCodec.decode(W3CHttpResponseCodec.java:49)
	at org.openqa.selenium.remote.HttpCommandExecutor.execute(HttpCommandExecutor.java:158)
	at org.openqa.selenium.remote.service.DriverCommandExecutor.execute(DriverCommandExecutor.java:83)
	at org.openqa.selenium.remote.RemoteWebDriver.execute(RemoteWebDriver.java:552)
	at org.openqa.selenium.remote.RemoteWebDriver.execute(RemoteWebDriver.java:609)
	at org.openqa.selenium.remote.RemoteWebDriver.getScreenshotAs(RemoteWebDriver.java:295)
	at testsuitebase.SuiteBase.captureScreenShot(SuiteBase.java:276)
	at com.sogo.smoke.smxpage.SMXPage_TC.reporterDataResults(SMXPage_TC.java:134)
	at java.base/jdk.internal.reflect.NativeMethodAccessorImpl.invoke0(Native Method)
	at java.base/jdk.internal.reflect.NativeMethodAccessorImpl.invoke(NativeMethodAccessorImpl.java:62)
	at java.base/jdk.internal.reflect.DelegatingMethodAccessorImpl.invoke(DelegatingMethodAccessorImpl.java:43)
	at java.base/java.lang.reflect.Method.invoke(Method.java:564)
	at org.testng.internal.MethodInvocationHelper.invokeMethod(MethodInvocationHelper.java:124)
	at org.testng.internal.MethodInvocationHelper.invokeMethodConsideringTimeout(MethodInvocationHelper.java:59)
	at org.testng.internal.Invoker.invokeConfigurationMethod(Invoker.java:458)
	at org.testng.internal.Invoker.invokeConfigurations(Invoker.java:222)
	at org.testng.internal.Invoker.invokeMethod(Invoker.java:646)
	at org.testng.internal.Invoker.invokeTestMethod(Invoker.java:719)
	at org.testng.internal.Invoker.invokeTestMethods(Invoker.java:989)
	at org.testng.internal.TestMethodWorker.invokeTestMethods(TestMethodWorker.java:125)
	at org.testng.internal.TestMethodWorker.run(TestMethodWorker.java:109)
	at org.testng.TestRunner.privateRun(TestRunner.java:648)
	at org.testng.TestRunner.run(TestRunner.java:505)
	at org.testng.SuiteRunner.runTest(SuiteRunner.java:455)
	at org.testng.SuiteRunner.runSequentially(SuiteRunner.java:450)
	at org.testng.SuiteRunner.privateRun(SuiteRunner.java:415)
	at org.testng.SuiteRunner.run(SuiteRunner.java:364)
	at org.testng.SuiteRunnerWorker.runSuite(SuiteRunnerWorker.java:52)
	at org.testng.SuiteRunnerWorker.run(SuiteRunnerWorker.java:84)
	at org.testng.TestNG.runSuitesSequentially(TestNG.java:1208)
	at org.testng.TestNG.runSuitesLocally(TestNG.java:1137)
	at org.testng.TestNG.runSuites(TestNG.java:1049)
	at org.testng.TestNG.run(TestNG.java:1017)
	at org.testng.remote.AbstractRemoteTestNG.run(AbstractRemoteTestNG.java:115)
	at org.testng.remote.RemoteTestNG.initAndRun(RemoteTestNG.java:251)
	at org.testng.remote.RemoteTestNG.main(RemoteTestNG.java:77)
</pre></div></td>
<td>12</td>
<td>com.sogo.smoke.smxpage.SMXPage_TC@61710c6</td></tr>
</table><p>
<table width='100%' border='1' class='invocation-failed'>
<tr><td colspan='4' align='center'><b>FAILED TESTS</b></td></tr>
<tr><td><b>Test method</b></td>
<td width="30%"><b>Exception</b></td>
<td width="10%"><b>Time (seconds)</b></td>
<td><b>Instance</b></td>
</tr>
<tr>
<td title='com.sogo.smoke.smxpage.SMXPage_TC.Smoke_TC2()'><b>Smoke_TC2</b><br>Test class: com.sogo.smoke.smxpage.SMXPage_TC<br>Parameters: {TestCaseName=Smoke_TC2, CaseToRun=Y, Lead=Nadeem, Owner=Sanket, Role=Admin, Test_Name=Create SMX survey, Test_Description=, ExpectedResult=survey should be created, Pass/Fail/Skip=SKIP, Failure Reason= Loader did not disappear., Expected=, Expected2=, Expected3=, Header=, TextBox=, RadioButton=, RadioButton2=, CheckBox=, DropDown=, Gender=, Grade=, DOB=, Email=, Ratings=, Like=, Slider=, MultiDropDown=, ImageRadio=, RatingNumber=, MTB=, MTB2=, MDD=, RDDG=, RG=, RRG=, RSG=, CBG=, MG1=, MG2=, RRB=, RDD=, LB=, Attachments=, DrillDown=, ThanksMsg=, surveyname=SMx DP, foldername=Main, primarylanguage=English, secondarylanguage=Spanish, description=This survey is for manufacturers and product distributors to get a sense of how current and prospective customers responded to a particular product., textbox=What are the specific details of the product / service., radiobutton=Where did you last purchase THE PRODUCT?, AnswerOptions=Endorsement, AnswerOptions1=Qualification, checkbox=Please select your choices from the list, imagechoice=Where you like to travel from the below place, reportingvalue=6;7, images=image of mountain.jpg;harley-davidson-logo-vector.png, date=Please enter the date of birth, likedislike=Do you use THE PRODUCT all of the time or rarely when PERFORMING THE FUNCTION FOR WHICH ITS DESIGNED?, ratingscale=How likely is it that you would recommend our company to a friend or colleague?, dropdown=How long have you been our customer?, ranking=Which Product/Service type do you want to provide your feedback about, multitextbox=Please enter your qualification details below, textbox1=PHD, textbox2=Degree, multidropdown=To what extent do you think that THE PRODUCT is worth the price?, dropdown1=Where do you usually purchase THE PRODUCT?, dropdown2=Where do you usually sell the product, multiradio=How would you rate our company in the following areas?, QuestionOptions=Intensity, multicheckbox=Please select all the applicable things you like, ratingradio=Rate your skills, ratingdropdown=Rate the importance of things you value, ratingscalegrid=PERFORMING THE FUNCTION FOR WHICH ITS DESIGNED?, matrixgrid=What is the highest level of education you completed?, horizontalradiobutton=For how many years have you been using THE PRODUCT?, numericallocations=Are you the principal shopper in your household?, attachments=Upload your documents, ratingradiobutton=Would you recommend the product to others?, ratingdropdownbutton=The morale in my department is high., listbox=How did you first learn about THE PRODUCT?, demographics=Please fill below information., subquestions=The company clearly conveys its mission to its employees.;There is good communication from managers to employees.;I have the tools and resources I need to do my job. ;I have the training I need to do my job. ;I feel underutilized in my job. ;The amount of work expected of me is reasonable. , symbolratingscale=Please indicate the extent to which you agree with the following statements., surveyid=, emailtemplate=, selectlist=, mailmergedd=, mailmergetxt=, prepopdd=, emailtemplatere=, surveyTitle=}<br/>
<a href="#Output-360628795" onClick='toggleBox("Output-360628795", this, "Show output", "Hide output");'>Show output</a>

<a href="#Output-360628795" onClick="toggleAllBoxes();">Show all outputs</a>
<div class='log' id="Output-360628795">
Successfully waited for Login Button Static to be present on page.<br/>
Successfully clicked on Login Button Static element.<br/>
Successfully waited for SoGo Static Login Image to be present on page.<br/>
Successfully waited for User Name to be present on page.<br/>
Successfully entered sogo_gmail110 in User Name textbox.<br/>
Successfully entered Eighth8# in User Password textbox.<br/>
Successfully clicked on Login element.<br/>
Successfully waited for Sogo Account to be present on page.<br/>
Successfully waited for Create Project Button to be present on page.<br/>
Successfully clicked on Create Project Button element.<br/>
Successfully waited for loader to disappear.<br/>
Successfully waited for loader to disappear.<br/>
Successfully waited for Iframe to be present on page.<br/>
Successfully waited for Survey Button to be present on page.<br/>
Successfully clicked on Survey Button element.<br/>
Successfully waited for loader to disappear.<br/>
Successfully waited for loader to disappear.<br/>
Successfully waited for Start with a Blank Survey Button to be present on page.<br/>
Successfully clicked on Start with a Blank Survey Button element.<br/>
Successfully waited for Survey Name to be present on page.<br/>
Successfully entered SMx DP - 23-Nov-2021 20:32:53 in Survey Name textbox.<br/>
Successfully waited for Select Folder to be present on page.<br/>
Successfully clicked on Select Folder element.<br/>
Successfully waited for Main to be present on page.<br/>
Successfully clicked on Main element.<br/>
Successfully waited for Primary Langugage Drop down to be present on page.<br/>
Successfully clicked on Primary Langugage Drop down element.<br/>
Successfully waited for Primary Langugage List to be present on page.<br/>
Successfully move to :English<br/>
Successfully clicked on English element.<br/>
Successfully waited for Secondary Language Switch to be present on page.<br/>
Successfully clicked on Secondary Language Switch element.<br/>
Successfully waited for Secondary Langugage Drop down to be present on page.<br/>
Successfully clicked on Secondary Langugage Drop down element.<br/>
Successfully waited for Secondary Langugage Drop down Search to be present on page.<br/>
Successfully entered Spanish in Secondary Langugage Drop down Search textbox.<br/>
Successfully waited for Spanish to be present on page.<br/>
Successfully clicked on Spanish element.<br/>
Successfully waited for Create Button to be present on page.<br/>
Successfully clicked on Create Button element.<br/>
Successfully waited for loader to disappear.<br/>
Successfully waited for loader to disappear.<br/>
Successfully waited for SMx DP - 23-Nov-2021 20:32:53 to be present on page.<br/>
Successfully waited for Description Button to be present on page.<br/>
Successfully double clicked on Description Button element.<br/>
Successfully waited for loader to disappear.<br/>
Successfully waited for Iframe Button to be present on page.<br/>
Successfully waited for Description Text Input to be present on page.<br/>
Successfully entered This survey is for manufacturers and product distributors to get a sense of how current and prospective customers responded to a particular product. in Description Text Input textbox.<br/>
Successfully waited for Save Button to be present on page.<br/>
Successfully clicked on Save Button element.<br/>
Successfully waited for loader to disappear.<br/>
Successfully waited for loader to disappear.<br/>
Successfully waited for Description Added This survey is for manufacturers and product distributors to get a sense of how current and prospective customers responded to a particular product. to be present on page.<br/>
Successfully waited for Net Promoter Button to be present on page.<br/>
Successfully double clicked on Net Promoter Button element.<br/>
Successfully waited for loader to disappear.<br/>
Successfully waited for Iframe Button to be present on page.<br/>
Successfully waited for Description Text Input to be present on page.<br/>
Successfully fetched text How likely is it that you would recommend [company / brand / product / service] to a friend or colleague? from Description Text Input<br/>
Successfully waited for Save Button to be present on page.<br/>
Successfully clicked on Save Button element.<br/>
Successfully waited for loader to disappear.<br/>
Successfully waited for loader to disappear.<br/>
Successfully waited for Net Promoter Label Added How likely is it that you would recommend [company / brand / product / service] to a friend or colleague? to be present on page.<br/>
Successfully waited for Net Promoter Label Added How likely is it that you would recommend [company / brand / product / service] to a friend or colleague? to be present on page.<br/>
Successfully waited for Text Box Button to be present on page.<br/>
Successfully double clicked on Text Box Button element.<br/>
Successfully waited for loader to disappear.<br/>
Iframe Button not present on page.<br/>
</div>
</td>
<td><div><pre>java.lang.AssertionError: null
	at org.testng.Assert.fail(Assert.java:96)
	at org.testng.Assert.fail(Assert.java:103)
	at utility.SeleniumUtils.waitforElemPresent(SeleniumUtils.java:247)
	at pageobjects.SMXPage.enterTextBox(SMXPage.java:212)
	at pageobjects.SMXPage.createSurvey(SMXPage.java:55)
	at com.sogo.smoke.smxpage.SMXPage_TC.Smoke_TC2(SMXPage_TC.java:117)
	at java.base/jdk.internal.reflect.NativeMethodAccessorImpl.invoke0(Native Method)
	at java.base/jdk.internal.reflect.NativeMethodAccessorImpl.invoke(NativeMethodAccessorImpl.java:62)
	at java.base/jdk.internal.reflect.DelegatingMethodAccessorImpl.invoke(DelegatingMethodAccessorImpl.java:43)
	at java.base/java.lang.reflect.Method.invoke(Method.java:564)
	at org.testng.internal.MethodInvocationHelper.invokeMethod(MethodInvocationHelper.java:124)
	at org.testng.internal.Invoker.invokeMethod(Invoker.java:583)
	at org.testng.internal.Invoker.invokeTestMethod(Invoker.java:719)
	at org.testng.internal.Invoker.invokeTestMethods(Invoker.java:989)
	at org.testng.internal.TestMethodWorker.invokeTestMethods(TestMethodWorker.java:125)
	at org.testng.internal.TestMethodWorker.run(TestMethodWorker.java:109)
	at org.testng.TestRunner.privateRun(TestRunner.java:648)
	at org.testng.TestRunner.run(TestRunner.java:505)
	at org.testng.SuiteRunner.runTest(SuiteRunner.java:455)
	at org.testng.SuiteRunner.runSequentially(SuiteRunner.java:450)
	at org.testng.SuiteRunner.privateRun(SuiteRunner.java:415)
	at org.testng.SuiteRunner.run(SuiteRunner.java:364)
	at org.testng.SuiteRunnerWorker.runSuite(SuiteRunnerWorker.java:52)
	at org.testng.SuiteRunnerWorker.run(SuiteRunnerWorker.java:84)
	at org.testng.TestNG.runSuitesSequentially(TestNG.java:1208)
	at org.testng.TestNG.runSuitesLocally(TestNG.java:1137)
	at org.testng.TestNG.runSuites(TestNG.java:1049)
	at org.testng.TestNG.run(TestNG.java:1017)
	at org.testng.remote.AbstractRemoteTestNG.run(AbstractRemoteTestNG.java:115)
	at org.testng.remote.RemoteTestNG.initAndRun(RemoteTestNG.java:251)
	at org.testng.remote.RemoteTestNG.main(RemoteTestNG.java:77)
</pre></div><a href='#' onClick='toggleBox("stack-trace360628795", this, "Click to show all stack frames", "Click to hide stack frames")'>Click to show all stack frames</a>
<div class='stack-trace' id='stack-trace360628795'><pre>java.lang.AssertionError: null
	at org.testng.Assert.fail(Assert.java:96)
	at org.testng.Assert.fail(Assert.java:103)
	at utility.SeleniumUtils.waitforElemPresent(SeleniumUtils.java:247)
	at pageobjects.SMXPage.enterTextBox(SMXPage.java:212)
	at pageobjects.SMXPage.createSurvey(SMXPage.java:55)
	at com.sogo.smoke.smxpage.SMXPage_TC.Smoke_TC2(SMXPage_TC.java:117)
	at java.base/jdk.internal.reflect.NativeMethodAccessorImpl.invoke0(Native Method)
	at java.base/jdk.internal.reflect.NativeMethodAccessorImpl.invoke(NativeMethodAccessorImpl.java:62)
	at java.base/jdk.internal.reflect.DelegatingMethodAccessorImpl.invoke(DelegatingMethodAccessorImpl.java:43)
	at java.base/java.lang.reflect.Method.invoke(Method.java:564)
	at org.testng.internal.MethodInvocationHelper.invokeMethod(MethodInvocationHelper.java:124)
	at org.testng.internal.Invoker.invokeMethod(Invoker.java:583)
	at org.testng.internal.Invoker.invokeTestMethod(Invoker.java:719)
	at org.testng.internal.Invoker.invokeTestMethods(Invoker.java:989)
	at org.testng.internal.TestMethodWorker.invokeTestMethods(TestMethodWorker.java:125)
	at org.testng.internal.TestMethodWorker.run(TestMethodWorker.java:109)
	at org.testng.TestRunner.privateRun(TestRunner.java:648)
	at org.testng.TestRunner.run(TestRunner.java:505)
	at org.testng.SuiteRunner.runTest(SuiteRunner.java:455)
	at org.testng.SuiteRunner.runSequentially(SuiteRunner.java:450)
	at org.testng.SuiteRunner.privateRun(SuiteRunner.java:415)
	at org.testng.SuiteRunner.run(SuiteRunner.java:364)
	at org.testng.SuiteRunnerWorker.runSuite(SuiteRunnerWorker.java:52)
	at org.testng.SuiteRunnerWorker.run(SuiteRunnerWorker.java:84)
	at org.testng.TestNG.runSuitesSequentially(TestNG.java:1208)
	at org.testng.TestNG.runSuitesLocally(TestNG.java:1137)
	at org.testng.TestNG.runSuites(TestNG.java:1049)
	at org.testng.TestNG.run(TestNG.java:1017)
	at org.testng.remote.AbstractRemoteTestNG.run(AbstractRemoteTestNG.java:115)
	at org.testng.remote.RemoteTestNG.initAndRun(RemoteTestNG.java:251)
	at org.testng.remote.RemoteTestNG.main(RemoteTestNG.java:77)
</pre></div></td>
<td>66</td>
<td>com.sogo.smoke.smxpage.SMXPage_TC@61710c6</td></tr>
</table><p>
</body>
</html>