<?xml version="1.0" encoding="UTF-8"?>
<testng-results ignored="5" total="6" passed="0" failed="1" skipped="0">
  <reporter-output>
    <line>
      <![CDATA[Successfully waited for User Name to be present on page.]]>
    </line>
    <line>
      <![CDATA[Successfully entered sabiya_test in User Name textbox.]]>
    </line>
    <line>
      <![CDATA[Successfully entered Test@1234 in User Password textbox.]]>
    </line>
    <line>
      <![CDATA[Successfully clicked on Login element.]]>
    </line>
    <line>
      <![CDATA[Successfully waited for Sogo Account to be present on page.]]>
    </line>
    <line>
      <![CDATA[Successfully waited for Create Project Button to be present on page.]]>
    </line>
    <line>
      <![CDATA[Successfully waited for loader to disappear.]]>
    </line>
    <line>
      <![CDATA[Successfully waited for loader to disappear.]]>
    </line>
    <line>
      <![CDATA[Successfully waited for Publish Button to be present on page.]]>
    </line>
    <line>
      <![CDATA[Successfully waited for Single Use Link Button to be present on page.]]>
    </line>
    <line>
      <![CDATA[Successfully clicked on Single Use Link Button element.]]>
    </line>
    <line>
      <![CDATA[Successfully waited for loader to disappear.]]>
    </line>
    <line>
      <![CDATA[Successfully waited for loader to disappear.]]>
    </line>
    <line>
      <![CDATA[Successfully waited for Search Email to be present on page.]]>
    </line>
    <line>
      <![CDATA[Successfully entered Invitation with Platform in Search Email textbox.]]>
    </line>
    <line>
      <![CDATA[Successfully waited for loader to disappear.]]>
    </line>
    <line>
      <![CDATA[Successfully waited for loader to disappear.]]>
    </line>
    <line>
      <![CDATA[Successfully waited for loader to disappear.]]>
    </line>
    <line>
      <![CDATA[Successfully waited for Invitation with Platform to be present on page.]]>
    </line>
    <line>
      <![CDATA[Invitation with Platform not present on page.]]>
    </line>
    <line>
      <![CDATA[Sanity_TC4 is FAILED.]]>
    </line>
  </reporter-output>
  <suite started-at="2021-02-12T06:44:05Z" name="Default suite" finished-at="2021-02-12T06:45:55Z" duration-ms="110150">
    <groups>
      <group name="dmxpage">
        <method signature="DMXPage_TC.Sanity_TC4(java.util.LinkedHashMap)[pri:0, instance:com.research.smoke.dmxpage.DMXPage_TC@60db1c0e]" name="Sanity_TC4" class="com.research.smoke.dmxpage.DMXPage_TC"/>
      </group> <!-- dmxpage -->
    </groups>
    <test started-at="2021-02-12T06:44:05Z" name="Default test" finished-at="2021-02-12T06:45:55Z" duration-ms="110150">
      <class name="com.research.smoke.dmxpage.DMXPage_TC">
        <test-method is-config="true" signature="setUp()[pri:0, instance:com.research.smoke.dmxpage.DMXPage_TC@60db1c0e]" started-at="2021-02-12T06:44:05Z" name="setUp" finished-at="2021-02-12T06:44:06Z" duration-ms="579" status="PASS">
          <reporter-output>
          </reporter-output>
        </test-method> <!-- setUp -->
        <test-method signature="Sanity_TC4(java.util.LinkedHashMap)[pri:0, instance:com.research.smoke.dmxpage.DMXPage_TC@60db1c0e]" started-at="2021-02-12T06:44:06Z" name="Sanity_TC4" data-provider="SurveyPage" finished-at="2021-02-12T06:45:50Z" duration-ms="104610" status="FAIL">
          <params>
            <param index="0">
              <value>
                <![CDATA[{TestCaseName=Sanity_TC4, CaseToRun=Y, Lead=Nadeem, Owner=Sanket, Role=DMX, Test_Name=To send Platfrom Invite & PF reminder, Test_Description=, ExpectedResult=survey should be distributed, Pass/Fail/Skip=SKIP, Failure Reason=, Expected=, Expected2=, Expected3=, Header=, TextBox=, RadioButton=, RadioButton2=, CheckBox=, DropDown=, Gender=, Grade=, DOB=, Email=, Ratings=, Like=, Slider=, MultiDropDown=, ImageRadio=, RatingNumber=, MTB=, MTB2=, MDD=, RDDG=, RG=, RRG=, RSG=, CBG=, MG1=, MG2=, RRB=, RDD=, LB=, Attachments=, DrillDown=, ThanksMsg=, surveyname=, foldername=, primarylanguage=, secondarylanguage=, description=, textbox=, radiobutton=, AnswerOptions=, AnswerOptions1=, checkbox=, imagechoice=, reportingvalue=, images=, date=, likedislike=, ratingscale=, dropdown=, ranking=, multitextbox=, textbox1=, textbox2=, multidropdown=, dropdown1=, dropdown2=, multiradio=, QuestionOptions=, multicheckbox=, ratingradio=, ratingdropdown=, ratingscalegrid=, matrixgrid=, horizontalradiobutton=, numericallocations=, attachments=, ratingradiobutton=, ratingdropdownbutton=, listbox=, demographics=, subquestions=, symbolratingscale=, surveyid=216, emailtemplate=Invitation with Platform, selectlist=DP PF list [5 records], mailmergedd=FN, mailmergetxt=Sanket, prepopdd=FN, emailtemplatere=DMx PF DP}]]>
              </value>
            </param>
          </params>
          <exception class="java.lang.AssertionError">
            <message>
              <![CDATA[null]]>
            </message>
            <full-stacktrace>
              <![CDATA[java.lang.AssertionError: null
at org.testng.Assert.fail(Assert.java:96)
at org.testng.Assert.fail(Assert.java:103)
at utility.SeleniumUtils.waitforElemPresent(SeleniumUtils.java:270)
at pageobjects.DMXPage.selectEmailTemplate(DMXPage.java:297)
at pageobjects.DMXPageResearch.publishSingleUseLink(DMXPageResearch.java:148)
at com.research.smoke.dmxpage.DMXPage_TC.Sanity_TC4(DMXPage_TC.java:126)
at java.base/jdk.internal.reflect.NativeMethodAccessorImpl.invoke0(Native Method)
at java.base/jdk.internal.reflect.NativeMethodAccessorImpl.invoke(NativeMethodAccessorImpl.java:62)
at java.base/jdk.internal.reflect.DelegatingMethodAccessorImpl.invoke(DelegatingMethodAccessorImpl.java:43)
at java.base/java.lang.reflect.Method.invoke(Method.java:564)
at org.testng.internal.MethodInvocationHelper.invokeMethod(MethodInvocationHelper.java:124)
at org.testng.internal.Invoker.invokeMethod(Invoker.java:583)
at org.testng.internal.Invoker.invokeTestMethod(Invoker.java:719)
at org.testng.internal.Invoker.invokeTestMethods(Invoker.java:989)
at org.testng.internal.TestMethodWorker.invokeTestMethods(TestMethodWorker.java:125)
at org.testng.internal.TestMethodWorker.run(TestMethodWorker.java:109)
at org.testng.TestRunner.privateRun(TestRunner.java:648)
at org.testng.TestRunner.run(TestRunner.java:505)
at org.testng.SuiteRunner.runTest(SuiteRunner.java:455)
at org.testng.SuiteRunner.runSequentially(SuiteRunner.java:450)
at org.testng.SuiteRunner.privateRun(SuiteRunner.java:415)
at org.testng.SuiteRunner.run(SuiteRunner.java:364)
at org.testng.SuiteRunnerWorker.runSuite(SuiteRunnerWorker.java:52)
at org.testng.SuiteRunnerWorker.run(SuiteRunnerWorker.java:84)
at org.testng.TestNG.runSuitesSequentially(TestNG.java:1208)
at org.testng.TestNG.runSuitesLocally(TestNG.java:1137)
at org.testng.TestNG.runSuites(TestNG.java:1049)
at org.testng.TestNG.run(TestNG.java:1017)
at org.testng.remote.AbstractRemoteTestNG.run(AbstractRemoteTestNG.java:115)
at org.testng.remote.RemoteTestNG.initAndRun(RemoteTestNG.java:251)
at org.testng.remote.RemoteTestNG.main(RemoteTestNG.java:77)
]]>
            </full-stacktrace>
          </exception> <!-- java.lang.AssertionError -->
          <reporter-output>
            <line>
              <![CDATA[Successfully waited for User Name to be present on page.]]>
            </line>
            <line>
              <![CDATA[Successfully entered sabiya_test in User Name textbox.]]>
            </line>
            <line>
              <![CDATA[Successfully entered Test@1234 in User Password textbox.]]>
            </line>
            <line>
              <![CDATA[Successfully clicked on Login element.]]>
            </line>
            <line>
              <![CDATA[Successfully waited for Sogo Account to be present on page.]]>
            </line>
            <line>
              <![CDATA[Successfully waited for Create Project Button to be present on page.]]>
            </line>
            <line>
              <![CDATA[Successfully waited for loader to disappear.]]>
            </line>
            <line>
              <![CDATA[Successfully waited for loader to disappear.]]>
            </line>
            <line>
              <![CDATA[Successfully waited for Publish Button to be present on page.]]>
            </line>
            <line>
              <![CDATA[Successfully waited for Single Use Link Button to be present on page.]]>
            </line>
            <line>
              <![CDATA[Successfully clicked on Single Use Link Button element.]]>
            </line>
            <line>
              <![CDATA[Successfully waited for loader to disappear.]]>
            </line>
            <line>
              <![CDATA[Successfully waited for loader to disappear.]]>
            </line>
            <line>
              <![CDATA[Successfully waited for Search Email to be present on page.]]>
            </line>
            <line>
              <![CDATA[Successfully entered Invitation with Platform in Search Email textbox.]]>
            </line>
            <line>
              <![CDATA[Successfully waited for loader to disappear.]]>
            </line>
            <line>
              <![CDATA[Successfully waited for loader to disappear.]]>
            </line>
            <line>
              <![CDATA[Successfully waited for loader to disappear.]]>
            </line>
            <line>
              <![CDATA[Successfully waited for Invitation with Platform to be present on page.]]>
            </line>
            <line>
              <![CDATA[Invitation with Platform not present on page.]]>
            </line>
          </reporter-output>
        </test-method> <!-- Sanity_TC4 -->
        <test-method is-config="true" signature="reporterDataResults(org.testng.ITestResult)[pri:0, instance:com.research.smoke.dmxpage.DMXPage_TC@60db1c0e]" started-at="2021-02-12T06:45:50Z" name="reporterDataResults" finished-at="2021-02-12T06:45:55Z" duration-ms="4861" status="PASS">
          <params>
            <param index="0">
              <value>
                <![CDATA[[TestResult name=Sanity_TC4 status=FAILURE method=DMXPage_TC.Sanity_TC4(java.util.LinkedHashMap)[pri:0, instance:com.research.smoke.dmxpage.DMXPage_TC@60db1c0e] output=Successfully waited for User Name to be present on page.]]]>
              </value>
            </param>
          </params>
          <reporter-output>
            <line>
              <![CDATA[Sanity_TC4 is FAILED.]]>
            </line>
          </reporter-output>
        </test-method> <!-- reporterDataResults -->
      </class> <!-- com.research.smoke.dmxpage.DMXPage_TC -->
    </test> <!-- Default test -->
  </suite> <!-- Default suite -->
</testng-results>
