<?xml version="1.0" encoding="UTF-8"?>
<testsuite xmlns:xsi="http://www.w3.org/2001/XMLSchema-instance" xsi:noNamespaceSchemaLocation="https://maven.apache.org/surefire/maven-surefire-plugin/xsd/surefire-test-report-3.0.xsd" version="3.0" name="TestSuite" time="379.552" tests="3" errors="0" skipped="1" failures="2">
  <properties>
    <property name="sun.desktop" value="windows"/>
    <property name="awt.toolkit" value="sun.awt.windows.WToolkit"/>
    <property name="file.encoding.pkg" value="sun.io"/>
    <property name="java.specification.version" value="1.8"/>
    <property name="sun.cpu.isalist" value="amd64"/>
    <property name="sun.jnu.encoding" value="Cp1252"/>
    <property name="java.class.path" value="C:\Users\Shanks\git\Engage\Engage\Sogo-Smoke\target\test-classes;C:\Users\Shanks\git\Engage\Engage\Sogo-Smoke\target\classes;C:\Users\Shanks\git\Engage\Engage\Sogo-Smoke\..\Engage-Sanity\target\Engage-Sanity-0.0.1-SNAPSHOT.jar;C:\Users\Shanks\.m2\repository\org\seleniumhq\selenium\selenium-java\3.141.59\selenium-java-3.141.59.jar;C:\Users\Shanks\.m2\repository\org\seleniumhq\selenium\selenium-api\3.141.59\selenium-api-3.141.59.jar;C:\Users\Shanks\.m2\repository\org\seleniumhq\selenium\selenium-chrome-driver\3.141.59\selenium-chrome-driver-3.141.59.jar;C:\Users\Shanks\.m2\repository\org\seleniumhq\selenium\selenium-edge-driver\3.141.59\selenium-edge-driver-3.141.59.jar;C:\Users\Shanks\.m2\repository\org\seleniumhq\selenium\selenium-firefox-driver\3.141.59\selenium-firefox-driver-3.141.59.jar;C:\Users\Shanks\.m2\repository\org\seleniumhq\selenium\selenium-ie-driver\3.141.59\selenium-ie-driver-3.141.59.jar;C:\Users\Shanks\.m2\repository\org\seleniumhq\selenium\selenium-opera-driver\3.141.59\selenium-opera-driver-3.141.59.jar;C:\Users\Shanks\.m2\repository\org\seleniumhq\selenium\selenium-remote-driver\3.141.59\selenium-remote-driver-3.141.59.jar;C:\Users\Shanks\.m2\repository\org\seleniumhq\selenium\selenium-safari-driver\3.141.59\selenium-safari-driver-3.141.59.jar;C:\Users\Shanks\.m2\repository\org\seleniumhq\selenium\selenium-support\3.141.59\selenium-support-3.141.59.jar;C:\Users\Shanks\.m2\repository\net\bytebuddy\byte-buddy\1.8.15\byte-buddy-1.8.15.jar;C:\Users\Shanks\.m2\repository\org\apache\commons\commons-exec\1.3\commons-exec-1.3.jar;C:\Users\Shanks\.m2\repository\com\google\guava\guava\25.0-jre\guava-25.0-jre.jar;C:\Users\Shanks\.m2\repository\com\google\code\findbugs\jsr305\1.3.9\jsr305-1.3.9.jar;C:\Users\Shanks\.m2\repository\org\checkerframework\checker-compat-qual\2.0.0\checker-compat-qual-2.0.0.jar;C:\Users\Shanks\.m2\repository\com\google\errorprone\error_prone_annotations\2.1.3\error_prone_annotations-2.1.3.jar;C:\Users\Shanks\.m2\repository\com\google\j2objc\j2objc-annotations\1.1\j2objc-annotations-1.1.jar;C:\Users\Shanks\.m2\repository\org\codehaus\mojo\animal-sniffer-annotations\1.14\animal-sniffer-annotations-1.14.jar;C:\Users\Shanks\.m2\repository\com\squareup\okhttp3\okhttp\3.11.0\okhttp-3.11.0.jar;C:\Users\Shanks\.m2\repository\com\squareup\okio\okio\1.14.0\okio-1.14.0.jar;C:\Users\Shanks\.m2\repository\org\testng\testng\6.14.3\testng-6.14.3.jar;C:\Users\Shanks\.m2\repository\com\beust\jcommander\1.72\jcommander-1.72.jar;C:\Users\Shanks\.m2\repository\org\apache-extras\beanshell\bsh\2.0b6\bsh-2.0b6.jar;C:\Users\Shanks\.m2\repository\org\apache\poi\poi\4.0.1\poi-4.0.1.jar;C:\Users\Shanks\.m2\repository\commons-codec\commons-codec\1.11\commons-codec-1.11.jar;C:\Users\Shanks\.m2\repository\org\apache\commons\commons-collections4\4.2\commons-collections4-4.2.jar;C:\Users\Shanks\.m2\repository\org\apache\commons\commons-math3\3.6.1\commons-math3-3.6.1.jar;C:\Users\Shanks\.m2\repository\org\apache\poi\poi-ooxml\4.0.1\poi-ooxml-4.0.1.jar;C:\Users\Shanks\.m2\repository\org\apache\poi\poi-ooxml-schemas\4.0.1\poi-ooxml-schemas-4.0.1.jar;C:\Users\Shanks\.m2\repository\org\apache\xmlbeans\xmlbeans\3.0.2\xmlbeans-3.0.2.jar;C:\Users\Shanks\.m2\repository\org\apache\commons\commons-compress\1.18\commons-compress-1.18.jar;C:\Users\Shanks\.m2\repository\com\github\virtuald\curvesapi\1.05\curvesapi-1.05.jar;C:\Users\Shanks\.m2\repository\org\uncommons\reportng\1.1.4\reportng-1.1.4.jar;C:\Users\Shanks\.m2\repository\velocity\velocity\1.4\velocity-1.4.jar;C:\Users\Shanks\.m2\repository\velocity\velocity-dep\1.4\velocity-dep-1.4.jar;C:\Users\Shanks\.m2\repository\com\google\inject\guice\4.2.2\guice-4.2.2.jar;C:\Users\Shanks\.m2\repository\javax\inject\javax.inject\1\javax.inject-1.jar;C:\Users\Shanks\.m2\repository\aopalliance\aopalliance\1.0\aopalliance-1.0.jar;C:\Users\Shanks\.m2\repository\log4j\log4j\1.2.17\log4j-1.2.17.jar;C:\Users\Shanks\.m2\repository\commons-io\commons-io\2.6\commons-io-2.6.jar;C:\Users\Shanks\.m2\repository\com\aventstack\extentreports\3.1.5\extentreports-3.1.5.jar;C:\Users\Shanks\.m2\repository\org\freemarker\freemarker\2.3.23\freemarker-2.3.23.jar;C:\Users\Shanks\.m2\repository\org\mongodb\mongodb-driver\3.3.0\mongodb-driver-3.3.0.jar;C:\Users\Shanks\.m2\repository\org\mongodb\bson\3.3.0\bson-3.3.0.jar;C:\Users\Shanks\.m2\repository\org\mongodb\mongodb-driver-core\3.3.0\mongodb-driver-core-3.3.0.jar;C:\Users\Shanks\.m2\repository\org\apache\httpcomponents\httpclient\4.5.2\httpclient-4.5.2.jar;C:\Users\Shanks\.m2\repository\org\apache\httpcomponents\httpcore\4.4.4\httpcore-4.4.4.jar;C:\Users\Shanks\.m2\repository\commons-logging\commons-logging\1.2\commons-logging-1.2.jar;C:\Users\Shanks\.m2\repository\org\apache\httpcomponents\httpmime\4.5.2\httpmime-4.5.2.jar;C:\Users\Shanks\.m2\repository\org\jsoup\jsoup\1.9.2\jsoup-1.9.2.jar;C:\Users\Shanks\.m2\repository\com\google\code\gson\gson\2.8.0\gson-2.8.0.jar;"/>
    <property name="java.vm.vendor" value="Oracle Corporation"/>
    <property name="sun.arch.data.model" value="64"/>
    <property name="user.variant" value=""/>
    <property name="java.vendor.url" value="http://java.oracle.com/"/>
    <property name="user.timezone" value="Asia/Calcutta"/>
    <property name="java.vm.specification.version" value="1.8"/>
    <property name="os.name" value="Windows 10"/>
    <property name="user.country" value="IN"/>
    <property name="sun.java.launcher" value="SUN_STANDARD"/>
    <property name="sun.boot.library.path" value="C:\Program Files\Java\jdk1.8.0_144\jre\bin"/>
    <property name="sun.java.command" value="C:\Users\Shanks\AppData\Local\Temp\surefire5009064560132248593\surefirebooter761731670556905129.jar C:\Users\Shanks\AppData\Local\Temp\surefire5009064560132248593 2020-11-24T21-12-49_564-jvmRun1 surefire4905079785754294432tmp surefire_07679577073743912629tmp"/>
    <property name="surefire.test.class.path" value="C:\Users\Shanks\git\Engage\Engage\Sogo-Smoke\target\test-classes;C:\Users\Shanks\git\Engage\Engage\Sogo-Smoke\target\classes;C:\Users\Shanks\git\Engage\Engage\Sogo-Smoke\..\Engage-Sanity\target\Engage-Sanity-0.0.1-SNAPSHOT.jar;C:\Users\Shanks\.m2\repository\org\seleniumhq\selenium\selenium-java\3.141.59\selenium-java-3.141.59.jar;C:\Users\Shanks\.m2\repository\org\seleniumhq\selenium\selenium-api\3.141.59\selenium-api-3.141.59.jar;C:\Users\Shanks\.m2\repository\org\seleniumhq\selenium\selenium-chrome-driver\3.141.59\selenium-chrome-driver-3.141.59.jar;C:\Users\Shanks\.m2\repository\org\seleniumhq\selenium\selenium-edge-driver\3.141.59\selenium-edge-driver-3.141.59.jar;C:\Users\Shanks\.m2\repository\org\seleniumhq\selenium\selenium-firefox-driver\3.141.59\selenium-firefox-driver-3.141.59.jar;C:\Users\Shanks\.m2\repository\org\seleniumhq\selenium\selenium-ie-driver\3.141.59\selenium-ie-driver-3.141.59.jar;C:\Users\Shanks\.m2\repository\org\seleniumhq\selenium\selenium-opera-driver\3.141.59\selenium-opera-driver-3.141.59.jar;C:\Users\Shanks\.m2\repository\org\seleniumhq\selenium\selenium-remote-driver\3.141.59\selenium-remote-driver-3.141.59.jar;C:\Users\Shanks\.m2\repository\org\seleniumhq\selenium\selenium-safari-driver\3.141.59\selenium-safari-driver-3.141.59.jar;C:\Users\Shanks\.m2\repository\org\seleniumhq\selenium\selenium-support\3.141.59\selenium-support-3.141.59.jar;C:\Users\Shanks\.m2\repository\net\bytebuddy\byte-buddy\1.8.15\byte-buddy-1.8.15.jar;C:\Users\Shanks\.m2\repository\org\apache\commons\commons-exec\1.3\commons-exec-1.3.jar;C:\Users\Shanks\.m2\repository\com\google\guava\guava\25.0-jre\guava-25.0-jre.jar;C:\Users\Shanks\.m2\repository\com\google\code\findbugs\jsr305\1.3.9\jsr305-1.3.9.jar;C:\Users\Shanks\.m2\repository\org\checkerframework\checker-compat-qual\2.0.0\checker-compat-qual-2.0.0.jar;C:\Users\Shanks\.m2\repository\com\google\errorprone\error_prone_annotations\2.1.3\error_prone_annotations-2.1.3.jar;C:\Users\Shanks\.m2\repository\com\google\j2objc\j2objc-annotations\1.1\j2objc-annotations-1.1.jar;C:\Users\Shanks\.m2\repository\org\codehaus\mojo\animal-sniffer-annotations\1.14\animal-sniffer-annotations-1.14.jar;C:\Users\Shanks\.m2\repository\com\squareup\okhttp3\okhttp\3.11.0\okhttp-3.11.0.jar;C:\Users\Shanks\.m2\repository\com\squareup\okio\okio\1.14.0\okio-1.14.0.jar;C:\Users\Shanks\.m2\repository\org\testng\testng\6.14.3\testng-6.14.3.jar;C:\Users\Shanks\.m2\repository\com\beust\jcommander\1.72\jcommander-1.72.jar;C:\Users\Shanks\.m2\repository\org\apache-extras\beanshell\bsh\2.0b6\bsh-2.0b6.jar;C:\Users\Shanks\.m2\repository\org\apache\poi\poi\4.0.1\poi-4.0.1.jar;C:\Users\Shanks\.m2\repository\commons-codec\commons-codec\1.11\commons-codec-1.11.jar;C:\Users\Shanks\.m2\repository\org\apache\commons\commons-collections4\4.2\commons-collections4-4.2.jar;C:\Users\Shanks\.m2\repository\org\apache\commons\commons-math3\3.6.1\commons-math3-3.6.1.jar;C:\Users\Shanks\.m2\repository\org\apache\poi\poi-ooxml\4.0.1\poi-ooxml-4.0.1.jar;C:\Users\Shanks\.m2\repository\org\apache\poi\poi-ooxml-schemas\4.0.1\poi-ooxml-schemas-4.0.1.jar;C:\Users\Shanks\.m2\repository\org\apache\xmlbeans\xmlbeans\3.0.2\xmlbeans-3.0.2.jar;C:\Users\Shanks\.m2\repository\org\apache\commons\commons-compress\1.18\commons-compress-1.18.jar;C:\Users\Shanks\.m2\repository\com\github\virtuald\curvesapi\1.05\curvesapi-1.05.jar;C:\Users\Shanks\.m2\repository\org\uncommons\reportng\1.1.4\reportng-1.1.4.jar;C:\Users\Shanks\.m2\repository\velocity\velocity\1.4\velocity-1.4.jar;C:\Users\Shanks\.m2\repository\velocity\velocity-dep\1.4\velocity-dep-1.4.jar;C:\Users\Shanks\.m2\repository\com\google\inject\guice\4.2.2\guice-4.2.2.jar;C:\Users\Shanks\.m2\repository\javax\inject\javax.inject\1\javax.inject-1.jar;C:\Users\Shanks\.m2\repository\aopalliance\aopalliance\1.0\aopalliance-1.0.jar;C:\Users\Shanks\.m2\repository\log4j\log4j\1.2.17\log4j-1.2.17.jar;C:\Users\Shanks\.m2\repository\commons-io\commons-io\2.6\commons-io-2.6.jar;C:\Users\Shanks\.m2\repository\com\aventstack\extentreports\3.1.5\extentreports-3.1.5.jar;C:\Users\Shanks\.m2\repository\org\freemarker\freemarker\2.3.23\freemarker-2.3.23.jar;C:\Users\Shanks\.m2\repository\org\mongodb\mongodb-driver\3.3.0\mongodb-driver-3.3.0.jar;C:\Users\Shanks\.m2\repository\org\mongodb\bson\3.3.0\bson-3.3.0.jar;C:\Users\Shanks\.m2\repository\org\mongodb\mongodb-driver-core\3.3.0\mongodb-driver-core-3.3.0.jar;C:\Users\Shanks\.m2\repository\org\apache\httpcomponents\httpclient\4.5.2\httpclient-4.5.2.jar;C:\Users\Shanks\.m2\repository\org\apache\httpcomponents\httpcore\4.4.4\httpcore-4.4.4.jar;C:\Users\Shanks\.m2\repository\commons-logging\commons-logging\1.2\commons-logging-1.2.jar;C:\Users\Shanks\.m2\repository\org\apache\httpcomponents\httpmime\4.5.2\httpmime-4.5.2.jar;C:\Users\Shanks\.m2\repository\org\jsoup\jsoup\1.9.2\jsoup-1.9.2.jar;C:\Users\Shanks\.m2\repository\com\google\code\gson\gson\2.8.0\gson-2.8.0.jar;"/>
    <property name="sun.cpu.endian" value="little"/>
    <property name="user.home" value="C:\Users\Shanks"/>
    <property name="user.language" value="en"/>
    <property name="java.specification.vendor" value="Oracle Corporation"/>
    <property name="java.home" value="C:\Program Files\Java\jdk1.8.0_144\jre"/>
    <property name="basedir" value="C:\Users\Shanks\git\Engage\Engage\Sogo-Smoke"/>
    <property name="file.separator" value="\"/>
    <property name="line.separator" value="&#10;"/>
    <property name="java.vm.specification.vendor" value="Oracle Corporation"/>
    <property name="java.specification.name" value="Java Platform API Specification"/>
    <property name="java.awt.graphicsenv" value="sun.awt.Win32GraphicsEnvironment"/>
    <property name="surefire.real.class.path" value="C:\Users\Shanks\AppData\Local\Temp\surefire5009064560132248593\surefirebooter761731670556905129.jar"/>
    <property name="sun.boot.class.path" value="C:\Program Files\Java\jdk1.8.0_144\jre\lib\resources.jar;C:\Program Files\Java\jdk1.8.0_144\jre\lib\rt.jar;C:\Program Files\Java\jdk1.8.0_144\jre\lib\sunrsasign.jar;C:\Program Files\Java\jdk1.8.0_144\jre\lib\jsse.jar;C:\Program Files\Java\jdk1.8.0_144\jre\lib\jce.jar;C:\Program Files\Java\jdk1.8.0_144\jre\lib\charsets.jar;C:\Program Files\Java\jdk1.8.0_144\jre\lib\jfr.jar;C:\Program Files\Java\jdk1.8.0_144\jre\classes"/>
    <property name="user.script" value=""/>
    <property name="sun.management.compiler" value="HotSpot 64-Bit Tiered Compilers"/>
    <property name="java.runtime.version" value="1.8.0_144-b01"/>
    <property name="user.name" value="Shanks"/>
    <property name="path.separator" value=";"/>
    <property name="os.version" value="10.0"/>
    <property name="java.endorsed.dirs" value="C:\Program Files\Java\jdk1.8.0_144\jre\lib\endorsed"/>
    <property name="java.runtime.name" value="Java(TM) SE Runtime Environment"/>
    <property name="file.encoding" value="Cp1252"/>
    <property name="java.vm.name" value="Java HotSpot(TM) 64-Bit Server VM"/>
    <property name="localRepository" value="C:\Users\Shanks\.m2\repository"/>
    <property name="java.vendor.url.bug" value="http://bugreport.sun.com/bugreport/"/>
    <property name="java.io.tmpdir" value="C:\Users\Shanks\AppData\Local\Temp\"/>
    <property name="java.version" value="1.8.0_144"/>
    <property name="user.dir" value="C:\Users\Shanks\git\Engage\Engage\Sogo-Smoke"/>
    <property name="os.arch" value="amd64"/>
    <property name="java.vm.specification.name" value="Java Virtual Machine Specification"/>
    <property name="java.awt.printerjob" value="sun.awt.windows.WPrinterJob"/>
    <property name="sun.os.patch.level" value=""/>
    <property name="java.library.path" value="C:\Program Files\Java\jdk1.8.0_144\jre\bin;C:\WINDOWS\Sun\Java\bin;C:\WINDOWS\system32;C:\WINDOWS;C:/Program Files/Java/jre1.8.0_271/bin/server;C:/Program Files/Java/jre1.8.0_271/bin;C:/Program Files/Java/jre1.8.0_271/lib/amd64;C:\Program Files (x86)\Common Files\Oracle\Java\javapath;C:\Python27\;C:\Python27\Scripts;C:\ProgramData\Oracle\Java\javapath;C:\WINDOWS\system32;C:\WINDOWS;C:\WINDOWS\System32\Wbem;C:\WINDOWS\System32\WindowsPowerShell\v1.0\;C:\WINDOWS\System32\OpenSSH\;C:\ProgramData\chocolatey\bin;C:\Program Files (x86)\nodejs\;C:\Program Files\Java\jdk1.8.0_144\bin;C:\Users\Shanks\Downloads\apache-maven-3.6.1-bin\apache-maven-3.6.1\bin;C:\Program Files\Java\jdk1.8.0_144\bin;C:\Program Files\MySQL\MySQL Shell 8.0\bin\;C:\Users\Shanks\AppData\Local\Microsoft\WindowsApps;C:\Users\Shanks\AppData\Roaming\npm;;C:\Users\Shanks\Downloads\eclipse-jee-2019-03-R-win32-x86_64\eclipse;;."/>
    <property name="java.vm.info" value="mixed mode"/>
    <property name="java.vendor" value="Oracle Corporation"/>
    <property name="java.vm.version" value="25.144-b01"/>
    <property name="java.ext.dirs" value="C:\Program Files\Java\jdk1.8.0_144\jre\lib\ext;C:\WINDOWS\Sun\Java\lib\ext"/>
    <property name="sun.io.unicode.encoding" value="UnicodeLittle"/>
    <property name="java.class.version" value="52.0"/>
  </properties>
  <testcase name="Smoke_TC1" classname="com.sogo.smoke.surveypage.SurveyPage_TC" time="0">
    <skipped message="CaseToRun = N for Smoke_TC1So skipping Exceution."/>
    <system-out><![CDATA[Call Init.
 INFO [TestNG-tests-1] (SuiteBase.java:82) - Excel file initialized successfully.
 INFO [TestNG-tests-1] (SuiteBase.java:87) - Config.properties file Loaded successfully.
After Init.
CaseToRun = N for Smoke_TC1So skipping Exceution.
]]></system-out>
  </testcase>
  <testcase name="Smoke_TC2" classname="com.sogo.smoke.smxpage.SMXPage_TC" time="315.839">
    <failure type="java.lang.AssertionError:">java.lang.AssertionError: null
	at com.sogo.smoke.smxpage.SMXPage_TC.Smoke_TC2(SMXPage_TC.java:116)
</failure>
    <system-out><![CDATA[ INFO [TestNG-tests-1] (SurveyPage_TC.java:81) - Smoke_TC1 is SKIPPED.
Call Init.
 INFO [TestNG-tests-1] (SuiteBase.java:82) - Excel file initialized successfully.
 INFO [TestNG-tests-1] (SuiteBase.java:87) - Config.properties file Loaded successfully.
After Init.
https://www.sogosurvey.com/
 INFO [TestNG-tests-1] (SuiteBase.java:139) - Chrome Driver instance loaded successfully.
 INFO [TestNG-tests-1] (SeleniumUtils.java:214) - Successfully waited for Login Button Static to be present on page.
 INFO [TestNG-tests-1] (SeleniumUtils.java:37) - Successfully clicked on Login Button Static element.
 INFO [TestNG-tests-1] (SeleniumUtils.java:214) - Successfully waited for SoGo Static Login Image to be present on page.
 INFO [TestNG-tests-1] (SeleniumUtils.java:214) - Successfully waited for User Name to be present on page.
 INFO [TestNG-tests-1] (SeleniumUtils.java:132) - Successfully entered sogo_gmail110 in User Name textbox.
 INFO [TestNG-tests-1] (SeleniumUtils.java:132) - Successfully entered Eighth8# in User Password textbox.
 INFO [TestNG-tests-1] (SeleniumUtils.java:37) - Successfully clicked on Login element.
 INFO [TestNG-tests-1] (SeleniumUtils.java:214) - Successfully waited for Sogo Account to be present on page.
 INFO [TestNG-tests-1] (SeleniumUtils.java:214) - Successfully waited for Create Project Button to be present on page.
 INFO [TestNG-tests-1] (SeleniumUtils.java:37) - Successfully clicked on Create Project Button element.
 INFO [TestNG-tests-1] (SeleniumUtils.java:620) - Successfully waited for loader to disappear.
 INFO [TestNG-tests-1] (SeleniumUtils.java:626) - Successfully waited for loader to disappear.
 INFO [TestNG-tests-1] (SeleniumUtils.java:214) - Successfully waited for Where would you like to begin? to be present on page.
 INFO [TestNG-tests-1] (SeleniumUtils.java:260) - Successfully waited for Iframe to be present on page.
 INFO [TestNG-tests-1] (SeleniumUtils.java:214) - Successfully waited for Survey Button to be present on page.
 INFO [TestNG-tests-1] (SeleniumUtils.java:37) - Successfully clicked on Survey Button element.
 INFO [TestNG-tests-1] (SeleniumUtils.java:620) - Successfully waited for loader to disappear.
 INFO [TestNG-tests-1] (SeleniumUtils.java:626) - Successfully waited for loader to disappear.
 INFO [TestNG-tests-1] (SeleniumUtils.java:214) - Successfully waited for Start with a Blank Survey Button to be present on page.
 INFO [TestNG-tests-1] (SeleniumUtils.java:37) - Successfully clicked on Start with a Blank Survey Button element.
 INFO [TestNG-tests-1] (SeleniumUtils.java:620) - Successfully waited for loader to disappear.
 INFO [TestNG-tests-1] (SeleniumUtils.java:626) - Successfully waited for loader to disappear.
 INFO [TestNG-tests-1] (SeleniumUtils.java:214) - Successfully waited for Continue Button to be present on page.
 INFO [TestNG-tests-1] (SeleniumUtils.java:37) - Successfully clicked on Continue Button element.
 INFO [TestNG-tests-1] (SeleniumUtils.java:620) - Successfully waited for loader to disappear.
 INFO [TestNG-tests-1] (SeleniumUtils.java:626) - Successfully waited for loader to disappear.
 INFO [TestNG-tests-1] (SeleniumUtils.java:214) - Successfully waited for Create New Survey Label to be present on page.
 INFO [TestNG-tests-1] (SeleniumUtils.java:214) - Successfully waited for Survey Name to be present on page.
 INFO [TestNG-tests-1] (SeleniumUtils.java:132) - Successfully entered SMx DP - 24-Nov-2020 21:13:29 in Survey Name textbox.
 INFO [TestNG-tests-1] (SeleniumUtils.java:214) - Successfully waited for Select Folder to be present on page.
 INFO [TestNG-tests-1] (SeleniumUtils.java:37) - Successfully clicked on Select Folder element.
 INFO [TestNG-tests-1] (SeleniumUtils.java:260) - Successfully waited for Main to be present on page.
 INFO [TestNG-tests-1] (SeleniumUtils.java:81) - Successfully clicked on Main element.
 INFO [TestNG-tests-1] (SeleniumUtils.java:214) - Successfully waited for Primary Langugage Drop down to be present on page.
 INFO [TestNG-tests-1] (SeleniumUtils.java:44) - Successfully clicked on Secondary Language Switch element.
 INFO [TestNG-tests-1] (SeleniumUtils.java:214) - Successfully waited for Secondary Langugage Drop down to be present on page.
 INFO [TestNG-tests-1] (SeleniumUtils.java:37) - Successfully clicked on Secondary Langugage Drop down element.
 INFO [TestNG-tests-1] (SeleniumUtils.java:214) - Successfully waited for Secondary Langugage Drop down Search to be present on page.
 INFO [TestNG-tests-1] (SeleniumUtils.java:132) - Successfully entered Spanish in Secondary Langugage Drop down Search textbox.
 INFO [TestNG-tests-1] (SeleniumUtils.java:260) - Successfully waited for Spanish to be present on page.
 INFO [TestNG-tests-1] (SeleniumUtils.java:81) - Successfully clicked on Spanish element.
 INFO [TestNG-tests-1] (SeleniumUtils.java:214) - Successfully waited for Start Button to be present on page.
 INFO [TestNG-tests-1] (SeleniumUtils.java:37) - Successfully clicked on Start Button element.
 INFO [TestNG-tests-1] (SeleniumUtils.java:620) - Successfully waited for loader to disappear.
 INFO [TestNG-tests-1] (SeleniumUtils.java:626) - Successfully waited for loader to disappear.
 INFO [TestNG-tests-1] (SeleniumUtils.java:260) - Successfully waited for SMx DP - 24-Nov-2020 21:13:29 to be present on page.
 INFO [TestNG-tests-1] (SeleniumUtils.java:214) - Successfully waited for Description Button to be present on page.
 INFO [TestNG-tests-1] (SeleniumUtils.java:64) - Successfully double clicked on Description Button element.
 INFO [TestNG-tests-1] (SeleniumUtils.java:626) - Successfully waited for loader to disappear.
 INFO [TestNG-tests-1] (SeleniumUtils.java:214) - Successfully waited for Iframe Button to be present on page.
 INFO [TestNG-tests-1] (SeleniumUtils.java:214) - Successfully waited for Description Text Input to be present on page.
 INFO [TestNG-tests-1] (SeleniumUtils.java:132) - Successfully entered This survey is for manufacturers and product distributors to get a sense of how current and prospective customers responded to a particular product. in Description Text Input textbox.
 INFO [TestNG-tests-1] (SeleniumUtils.java:214) - Successfully waited for Save Button to be present on page.
 INFO [TestNG-tests-1] (SeleniumUtils.java:37) - Successfully clicked on Save Button element.
 INFO [TestNG-tests-1] (SeleniumUtils.java:620) - Successfully waited for loader to disappear.
 INFO [TestNG-tests-1] (SeleniumUtils.java:626) - Successfully waited for loader to disappear.
 INFO [TestNG-tests-1] (SeleniumUtils.java:260) - Successfully waited for Description Added This survey is for manufacturers and product distributors to get a sense of how current and prospective customers responded to a particular product. to be present on page.
 INFO [TestNG-tests-1] (SeleniumUtils.java:214) - Successfully waited for Net Promoter Button to be present on page.
 INFO [TestNG-tests-1] (SeleniumUtils.java:64) - Successfully double clicked on Net Promoter Button element.
 INFO [TestNG-tests-1] (SeleniumUtils.java:626) - Successfully waited for loader to disappear.
 INFO [TestNG-tests-1] (SeleniumUtils.java:214) - Successfully waited for Iframe Button to be present on page.
 INFO [TestNG-tests-1] (SeleniumUtils.java:214) - Successfully waited for Description Text Input to be present on page.
 INFO [TestNG-tests-1] (SeleniumUtils.java:420) - Successfully fetched text How likely is it that you would recommend [company / brand / product / service] to a friend or colleague? from Description Text Input
 INFO [TestNG-tests-1] (SeleniumUtils.java:214) - Successfully waited for Save Button to be present on page.
 INFO [TestNG-tests-1] (SeleniumUtils.java:37) - Successfully clicked on Save Button element.
 INFO [TestNG-tests-1] (SeleniumUtils.java:626) - Successfully waited for loader to disappear.
 INFO [TestNG-tests-1] (SeleniumUtils.java:260) - Successfully waited for Net Promoter Label Added How likely is it that you would recommend [company / brand / product / service] to a friend or colleague? to be present on page.
 INFO [TestNG-tests-1] (SeleniumUtils.java:260) - Successfully waited for Net Promoter Label Added How likely is it that you would recommend [company / brand / product / service] to a friend or colleague? to be present on page.
 INFO [TestNG-tests-1] (SeleniumUtils.java:214) - Successfully waited for Text Box Button to be present on page.
 INFO [TestNG-tests-1] (SeleniumUtils.java:64) - Successfully double clicked on Text Box Button element.
 INFO [TestNG-tests-1] (SeleniumUtils.java:626) - Successfully waited for loader to disappear.
 INFO [TestNG-tests-1] (SeleniumUtils.java:214) - Successfully waited for Iframe Button to be present on page.
 INFO [TestNG-tests-1] (SeleniumUtils.java:214) - Successfully waited for Description Text Input to be present on page.
 INFO [TestNG-tests-1] (SeleniumUtils.java:132) - Successfully entered What are the specific details of the product / service. in Description Text Input textbox.
 INFO [TestNG-tests-1] (SeleniumUtils.java:214) - Successfully waited for Save Button to be present on page.
 INFO [TestNG-tests-1] (SeleniumUtils.java:37) - Successfully clicked on Save Button element.
 INFO [TestNG-tests-1] (SeleniumUtils.java:626) - Successfully waited for loader to disappear.
 INFO [TestNG-tests-1] (SeleniumUtils.java:260) - Successfully waited for Text Box Label Added What are the specific details of the product / service. to be present on page.
 INFO [TestNG-tests-1] (SeleniumUtils.java:260) - Successfully waited for Text Box Added What are the specific details of the product / service. to be present on page.
 INFO [TestNG-tests-1] (SeleniumUtils.java:214) - Successfully waited for Radio Button to be present on page.
 INFO [TestNG-tests-1] (SeleniumUtils.java:64) - Successfully double clicked on Radio Button element.
 INFO [TestNG-tests-1] (SeleniumUtils.java:626) - Successfully waited for loader to disappear.
 INFO [TestNG-tests-1] (SeleniumUtils.java:214) - Successfully waited for Iframe Button to be present on page.
 INFO [TestNG-tests-1] (SeleniumUtils.java:214) - Successfully waited for Description Text Input to be present on page.
 INFO [TestNG-tests-1] (SeleniumUtils.java:132) - Successfully entered Where did you last purchase THE PRODUCT? in Description Text Input textbox.
 INFO [TestNG-tests-1] (SeleniumUtils.java:214) - Successfully waited for Answer Library Button to be present on page.
 INFO [TestNG-tests-1] (SeleniumUtils.java:37) - Successfully clicked on Answer Library Button element.
 INFO [TestNG-tests-1] (SeleniumUtils.java:214) - Successfully waited for Get Answer Options from Answer Library Button to be present on page.
 INFO [TestNG-tests-1] (SeleniumUtils.java:37) - Successfully clicked on Get Answer Options from Answer Library Button element.
 INFO [TestNG-tests-1] (SeleniumUtils.java:214) - Successfully waited for Ansers Library Button to be present on page.
 INFO [TestNG-tests-1] (SeleniumUtils.java:214) - Successfully waited for Iframe Answer Options to be present on page.
 INFO [TestNG-tests-1] (SeleniumUtils.java:260) - Successfully waited for Endorsement to be present on page.
 INFO [TestNG-tests-1] (SeleniumUtils.java:81) - Successfully clicked on Endorsement element.
 INFO [TestNG-tests-1] (SeleniumUtils.java:214) - Successfully waited for Use this list Button to be present on page.
 INFO [TestNG-tests-1] (SeleniumUtils.java:37) - Successfully clicked on Use this list Button element.
 INFO [TestNG-tests-1] (SeleniumUtils.java:214) - Successfully waited for Other checkbox to be present on page.
 INFO [TestNG-tests-1] (SeleniumUtils.java:37) - Successfully clicked on Other checkbox element.
 INFO [TestNG-tests-1] (SeleniumUtils.java:214) - Successfully waited for Save Button to be present on page.
 INFO [TestNG-tests-1] (SeleniumUtils.java:37) - Successfully clicked on Save Button element.
 INFO [TestNG-tests-1] (SeleniumUtils.java:620) - Successfully waited for loader to disappear.
 INFO [TestNG-tests-1] (SeleniumUtils.java:626) - Successfully waited for loader to disappear.
 INFO [TestNG-tests-1] (SeleniumUtils.java:260) - Successfully waited for Radio Buttons Label Added Where did you last purchase THE PRODUCT? to be present on page.
 INFO [TestNG-tests-1] (SeleniumUtils.java:260) - Successfully waited for Radio Buttons Added Where did you last purchase THE PRODUCT? to be present on page.
 INFO [TestNG-tests-1] (SeleniumUtils.java:214) - Successfully waited for Check Box Button to be present on page.
 INFO [TestNG-tests-1] (SeleniumUtils.java:64) - Successfully double clicked on Check Box Button element.
 INFO [TestNG-tests-1] (SeleniumUtils.java:626) - Successfully waited for loader to disappear.
 INFO [TestNG-tests-1] (SeleniumUtils.java:214) - Successfully waited for Iframe Button to be present on page.
 INFO [TestNG-tests-1] (SeleniumUtils.java:214) - Successfully waited for Description Text Input to be present on page.
 INFO [TestNG-tests-1] (SeleniumUtils.java:132) - Successfully entered Please select your choices from the list in Description Text Input textbox.
 INFO [TestNG-tests-1] (SeleniumUtils.java:214) - Successfully waited for Answer Library Button to be present on page.
 INFO [TestNG-tests-1] (SeleniumUtils.java:37) - Successfully clicked on Answer Library Button element.
 INFO [TestNG-tests-1] (SeleniumUtils.java:214) - Successfully waited for Get Answer Options from Answer Library Button to be present on page.
 INFO [TestNG-tests-1] (SeleniumUtils.java:37) - Successfully clicked on Get Answer Options from Answer Library Button element.
 INFO [TestNG-tests-1] (SeleniumUtils.java:214) - Successfully waited for Ansers Library Button to be present on page.
 INFO [TestNG-tests-1] (SeleniumUtils.java:214) - Successfully waited for Iframe Answer Options to be present on page.
 INFO [TestNG-tests-1] (SeleniumUtils.java:260) - Successfully waited for Endorsement to be present on page.
 INFO [TestNG-tests-1] (SeleniumUtils.java:81) - Successfully clicked on Endorsement element.
 INFO [TestNG-tests-1] (SeleniumUtils.java:214) - Successfully waited for Use this list Button to be present on page.
 INFO [TestNG-tests-1] (SeleniumUtils.java:37) - Successfully clicked on Use this list Button element.
 INFO [TestNG-tests-1] (SeleniumUtils.java:214) - Successfully waited for None of Above to be present on page.
 INFO [TestNG-tests-1] (SeleniumUtils.java:37) - Successfully clicked on None of Above element.
 INFO [TestNG-tests-1] (SeleniumUtils.java:214) - Successfully waited for Save Button to be present on page.
 INFO [TestNG-tests-1] (SeleniumUtils.java:37) - Successfully clicked on Save Button element.
 INFO [TestNG-tests-1] (SeleniumUtils.java:620) - Successfully waited for loader to disappear.
 INFO [TestNG-tests-1] (SeleniumUtils.java:626) - Successfully waited for loader to disappear.
 INFO [TestNG-tests-1] (SeleniumUtils.java:260) - Successfully waited for Check Box Label Added Please select your choices from the list to be present on page.
 INFO [TestNG-tests-1] (SeleniumUtils.java:260) - Successfully waited for Check Box Added Please select your choices from the list to be present on page.
 INFO [TestNG-tests-1] (SeleniumUtils.java:214) - Successfully waited for Drop Down Button to be present on page.
 INFO [TestNG-tests-1] (SeleniumUtils.java:64) - Successfully double clicked on Drop Down Button element.
 INFO [TestNG-tests-1] (SeleniumUtils.java:626) - Successfully waited for loader to disappear.
 INFO [TestNG-tests-1] (SeleniumUtils.java:214) - Successfully waited for Iframe Button to be present on page.
 INFO [TestNG-tests-1] (SeleniumUtils.java:214) - Successfully waited for Description Text Input to be present on page.
 INFO [TestNG-tests-1] (SeleniumUtils.java:132) - Successfully entered How long have you been our customer? in Description Text Input textbox.
 INFO [TestNG-tests-1] (SeleniumUtils.java:214) - Successfully waited for Answer Library Button to be present on page.
 INFO [TestNG-tests-1] (SeleniumUtils.java:37) - Successfully clicked on Answer Library Button element.
 INFO [TestNG-tests-1] (SeleniumUtils.java:214) - Successfully waited for Get Answer Options from Answer Library Button to be present on page.
 INFO [TestNG-tests-1] (SeleniumUtils.java:37) - Successfully clicked on Get Answer Options from Answer Library Button element.
 INFO [TestNG-tests-1] (SeleniumUtils.java:214) - Successfully waited for Ansers Library Button to be present on page.
 INFO [TestNG-tests-1] (SeleniumUtils.java:214) - Successfully waited for Iframe Answer Options to be present on page.
 INFO [TestNG-tests-1] (SeleniumUtils.java:260) - Successfully waited for Endorsement to be present on page.
 INFO [TestNG-tests-1] (SeleniumUtils.java:81) - Successfully clicked on Endorsement element.
 INFO [TestNG-tests-1] (SeleniumUtils.java:214) - Successfully waited for Use this list Button to be present on page.
 INFO [TestNG-tests-1] (SeleniumUtils.java:37) - Successfully clicked on Use this list Button element.
 INFO [TestNG-tests-1] (SeleniumUtils.java:214) - Successfully waited for Other checkbox to be present on page.
 INFO [TestNG-tests-1] (SeleniumUtils.java:37) - Successfully clicked on Other checkbox element.
 INFO [TestNG-tests-1] (SeleniumUtils.java:214) - Successfully waited for Save Button to be present on page.
 INFO [TestNG-tests-1] (SeleniumUtils.java:37) - Successfully clicked on Save Button element.
 INFO [TestNG-tests-1] (SeleniumUtils.java:626) - Successfully waited for loader to disappear.
 INFO [TestNG-tests-1] (SeleniumUtils.java:260) - Successfully waited for Drop Down Label Added How long have you been our customer? to be present on page.
 INFO [TestNG-tests-1] (SeleniumUtils.java:260) - Successfully waited for Drop Down Added How long have you been our customer? to be present on page.
 INFO [TestNG-tests-1] (SeleniumUtils.java:214) - Successfully waited for Demographics Button to be present on page.
 INFO [TestNG-tests-1] (SeleniumUtils.java:64) - Successfully double clicked on Demographics Button element.
 INFO [TestNG-tests-1] (SeleniumUtils.java:626) - Successfully waited for loader to disappear.
 INFO [TestNG-tests-1] (SeleniumUtils.java:214) - Successfully waited for Iframe Button to be present on page.
 INFO [TestNG-tests-1] (SeleniumUtils.java:214) - Successfully waited for Description Text Input to be present on page.
 INFO [TestNG-tests-1] (SeleniumUtils.java:132) - Successfully entered Please fill below information. in Description Text Input textbox.
 INFO [TestNG-tests-1] (SeleniumUtils.java:214) - Successfully waited for Demographics Name to be present on page.
 INFO [TestNG-tests-1] (SeleniumUtils.java:37) - Successfully clicked on Demographics Name element.
 INFO [TestNG-tests-1] (SeleniumUtils.java:214) - Successfully waited for Demographics Name: Title to be present on page.
 INFO [TestNG-tests-1] (SeleniumUtils.java:37) - Successfully clicked on Demographics Name: Title element.
 INFO [TestNG-tests-1] (SeleniumUtils.java:214) - Successfully waited for Demographics Name: First Name to be present on page.
 INFO [TestNG-tests-1] (SeleniumUtils.java:37) - Successfully clicked on Demographics Name: First Name element.
 INFO [TestNG-tests-1] (SeleniumUtils.java:214) - Successfully waited for Demographics Name: Middle Name to be present on page.
 INFO [TestNG-tests-1] (SeleniumUtils.java:37) - Successfully clicked on Demographics Name: Middle Name element.
 INFO [TestNG-tests-1] (SeleniumUtils.java:214) - Successfully waited for Demographics Name: Last Name to be present on page.
 INFO [TestNG-tests-1] (SeleniumUtils.java:37) - Successfully clicked on Demographics Name: Last Name element.
 INFO [TestNG-tests-1] (SeleniumUtils.java:214) - Successfully waited for Demographics Gender to be present on page.
 INFO [TestNG-tests-1] (SeleniumUtils.java:37) - Successfully clicked on Demographics Gender element.
 INFO [TestNG-tests-1] (SeleniumUtils.java:214) - Successfully waited for Demographics Date of Birth to be present on page.
 INFO [TestNG-tests-1] (SeleniumUtils.java:37) - Successfully clicked on Demographics Date of Birth element.
 INFO [TestNG-tests-1] (SeleniumUtils.java:214) - Successfully waited for Demographics Address to be present on page.
 INFO [TestNG-tests-1] (SeleniumUtils.java:37) - Successfully clicked on Demographics Address element.
 INFO [TestNG-tests-1] (SeleniumUtils.java:214) - Successfully waited for Demographics Address: Street 1 to be present on page.
 INFO [TestNG-tests-1] (SeleniumUtils.java:37) - Successfully clicked on Demographics Address: Street 1 element.
 INFO [TestNG-tests-1] (SeleniumUtils.java:214) - Successfully waited for Demographics Address: Street 2 to be present on page.
 INFO [TestNG-tests-1] (SeleniumUtils.java:37) - Successfully clicked on Demographics Address: Street 2 element.
 INFO [TestNG-tests-1] (SeleniumUtils.java:214) - Successfully waited for Demographics Address: City to be present on page.
 INFO [TestNG-tests-1] (SeleniumUtils.java:37) - Successfully clicked on Demographics Address: City element.
 INFO [TestNG-tests-1] (SeleniumUtils.java:214) - Successfully waited for Demographics Address: Country to be present on page.
 INFO [TestNG-tests-1] (SeleniumUtils.java:37) - Successfully clicked on Demographics Address: Country element.
 INFO [TestNG-tests-1] (SeleniumUtils.java:214) - Successfully waited for Demographics Address: State to be present on page.
 INFO [TestNG-tests-1] (SeleniumUtils.java:37) - Successfully clicked on Demographics Address: State element.
 INFO [TestNG-tests-1] (SeleniumUtils.java:214) - Successfully waited for Demographics Address: ZIP to be present on page.
 INFO [TestNG-tests-1] (SeleniumUtils.java:37) - Successfully clicked on Demographics Address: ZIP element.
 INFO [TestNG-tests-1] (SeleniumUtils.java:214) - Successfully waited for Demographics Telephone/FAX to be present on page.
 INFO [TestNG-tests-1] (SeleniumUtils.java:37) - Successfully clicked on Demographics Telephone/FAX element.
 INFO [TestNG-tests-1] (SeleniumUtils.java:214) - Successfully waited for Demographics Telephone/FAX: Telephone to be present on page.
 INFO [TestNG-tests-1] (SeleniumUtils.java:37) - Successfully clicked on Demographics Telephone/FAX: Telephone element.
 INFO [TestNG-tests-1] (SeleniumUtils.java:214) - Successfully waited for Demographics Telephone/FAX: Extension to be present on page.
 INFO [TestNG-tests-1] (SeleniumUtils.java:37) - Successfully clicked on Demographics Telephone/FAX: Extension element.
 INFO [TestNG-tests-1] (SeleniumUtils.java:214) - Successfully waited for Demographics Telephone/FAX: Fax to be present on page.
 INFO [TestNG-tests-1] (SeleniumUtils.java:37) - Successfully clicked on Demographics Telephone/FAX: Fax element.
 INFO [TestNG-tests-1] (SeleniumUtils.java:214) - Successfully waited for Demographics Email Address to be present on page.
 INFO [TestNG-tests-1] (SeleniumUtils.java:37) - Successfully clicked on Demographics Email Address element.
 INFO [TestNG-tests-1] (SeleniumUtils.java:214) - Successfully waited for Demographics Require to re-enter email address to be present on page.
 INFO [TestNG-tests-1] (SeleniumUtils.java:37) - Successfully clicked on Demographics Require to re-enter email address element.
 INFO [TestNG-tests-1] (SeleniumUtils.java:214) - Successfully waited for Save Button to be present on page.
 INFO [TestNG-tests-1] (SeleniumUtils.java:37) - Successfully clicked on Save Button element.
 INFO [TestNG-tests-1] (SeleniumUtils.java:626) - Successfully waited for loader to disappear.
 INFO [TestNG-tests-1] (SeleniumUtils.java:260) - Successfully waited for Demographics Label Added Please fill below information. to be present on page.
 INFO [TestNG-tests-1] (SeleniumUtils.java:260) - Successfully waited for Demographics Added Please fill below information. to be present on page.
 INFO [TestNG-tests-1] (SeleniumUtils.java:214) - Successfully waited for Rating Scale Button to be present on page.
 INFO [TestNG-tests-1] (SeleniumUtils.java:64) - Successfully double clicked on Rating Scale Button element.
 INFO [TestNG-tests-1] (SeleniumUtils.java:626) - Successfully waited for loader to disappear.
 INFO [TestNG-tests-1] (SeleniumUtils.java:214) - Successfully waited for Iframe Button to be present on page.
 INFO [TestNG-tests-1] (SeleniumUtils.java:214) - Successfully waited for Description Text Input to be present on page.
 INFO [TestNG-tests-1] (SeleniumUtils.java:132) - Successfully entered How likely is it that you would recommend our company to a friend or colleague? in Description Text Input textbox.
 INFO [TestNG-tests-1] (SeleniumUtils.java:214) - Successfully waited for Show N/A option to be present on page.
 INFO [TestNG-tests-1] (SeleniumUtils.java:37) - Successfully clicked on Show N/A option element.
 INFO [TestNG-tests-1] (SeleniumUtils.java:214) - Successfully waited for Show scale in reverse order to be present on page.
 INFO [TestNG-tests-1] (SeleniumUtils.java:37) - Successfully clicked on Show scale in reverse order element.
 INFO [TestNG-tests-1] (SeleniumUtils.java:214) - Successfully waited for Show participant rating field to be present on page.
 INFO [TestNG-tests-1] (SeleniumUtils.java:37) - Successfully clicked on Show participant rating field element.
 INFO [TestNG-tests-1] (SeleniumUtils.java:214) - Successfully waited for Save Button to be present on page.
 INFO [TestNG-tests-1] (SeleniumUtils.java:37) - Successfully clicked on Save Button element.
 INFO [TestNG-tests-1] (SeleniumUtils.java:626) - Successfully waited for loader to disappear.
 INFO [TestNG-tests-1] (SeleniumUtils.java:260) - Successfully waited for Rating Scale Added How likely is it that you would recommend our company to a friend or colleague? to be present on page.
 INFO [TestNG-tests-1] (SeleniumUtils.java:260) - Successfully waited for Rating Scale Added How likely is it that you would recommend our company to a friend or colleague? to be present on page.
 INFO [TestNG-tests-1] (SeleniumUtils.java:214) - Successfully waited for Symbol Rating Scale Button to be present on page.
 INFO [TestNG-tests-1] (SeleniumUtils.java:64) - Successfully double clicked on Symbol Rating Scale Button element.
 INFO [TestNG-tests-1] (SeleniumUtils.java:626) - Successfully waited for loader to disappear.
 INFO [TestNG-tests-1] (SeleniumUtils.java:214) - Successfully waited for Iframe Button to be present on page.
 INFO [TestNG-tests-1] (SeleniumUtils.java:214) - Successfully waited for Description Text Input to be present on page.
 INFO [TestNG-tests-1] (SeleniumUtils.java:132) - Successfully entered Please indicate the extent to which you agree with the following statements. in Description Text Input textbox.
 INFO [TestNG-tests-1] (SeleniumUtils.java:214) - Successfully waited for Number of Sub Questions to be present on page.
 INFO [TestNG-tests-1] (SeleniumUtils.java:260) - Successfully waited for Sub Question 1 to be present on page.
 INFO [TestNG-tests-1] (SeleniumUtils.java:155) - Successfully entered The company clearly conveys its mission to its employees. in Sub Question 1 textbox.
 INFO [TestNG-tests-1] (SeleniumUtils.java:260) - Successfully waited for Sub Question 1 Scale to be present on page.
 INFO [TestNG-tests-1] (SeleniumUtils.java:260) - Successfully waited for Sub Question 2 to be present on page.
 INFO [TestNG-tests-1] (SeleniumUtils.java:155) - Successfully entered There is good communication from managers to employees. in Sub Question 2 textbox.
 INFO [TestNG-tests-1] (SeleniumUtils.java:260) - Successfully waited for Sub Question 2 Scale to be present on page.
 INFO [TestNG-tests-1] (SeleniumUtils.java:260) - Successfully waited for Sub Question 3 to be present on page.
 INFO [TestNG-tests-1] (SeleniumUtils.java:155) - Successfully entered I have the tools and resources I need to do my job.  in Sub Question 3 textbox.
 INFO [TestNG-tests-1] (SeleniumUtils.java:260) - Successfully waited for Sub Question 3 Scale to be present on page.
 INFO [TestNG-tests-1] (SeleniumUtils.java:260) - Successfully waited for Sub Question 4 to be present on page.
 INFO [TestNG-tests-1] (SeleniumUtils.java:155) - Successfully entered I have the training I need to do my job.  in Sub Question 4 textbox.
 INFO [TestNG-tests-1] (SeleniumUtils.java:260) - Successfully waited for Sub Question 4 Scale to be present on page.
 INFO [TestNG-tests-1] (SeleniumUtils.java:260) - Successfully waited for Sub Question 5 to be present on page.
 INFO [TestNG-tests-1] (SeleniumUtils.java:155) - Successfully entered I feel underutilized in my job.  in Sub Question 5 textbox.
 INFO [TestNG-tests-1] (SeleniumUtils.java:260) - Successfully waited for Sub Question 5 Scale to be present on page.
 INFO [TestNG-tests-1] (SeleniumUtils.java:260) - Successfully waited for Sub Question 6 to be present on page.
 INFO [TestNG-tests-1] (SeleniumUtils.java:155) - Successfully entered The amount of work expected of me is reasonable.  in Sub Question 6 textbox.
 INFO [TestNG-tests-1] (SeleniumUtils.java:260) - Successfully waited for Sub Question 6 Scale to be present on page.
 INFO [TestNG-tests-1] (SeleniumUtils.java:214) - Successfully waited for Save Button to be present on page.
 INFO [TestNG-tests-1] (SeleniumUtils.java:37) - Successfully clicked on Save Button element.
 INFO [TestNG-tests-1] (SeleniumUtils.java:626) - Successfully waited for loader to disappear.
 INFO [TestNG-tests-1] (SeleniumUtils.java:260) - Successfully waited for Symbol Rating Scale Added Please indicate the extent to which you agree with the following statements. to be present on page.
 INFO [TestNG-tests-1] (SeleniumUtils.java:260) - Successfully waited for Symbol Rating Scale Added Please indicate the extent to which you agree with the following statements. to be present on page.
 INFO [TestNG-tests-1] (SeleniumUtils.java:214) - Successfully waited for Like/Dislike Button to be present on page.
 INFO [TestNG-tests-1] (SeleniumUtils.java:64) - Successfully double clicked on Like/Dislike Button element.
 INFO [TestNG-tests-1] (SeleniumUtils.java:626) - Successfully waited for loader to disappear.
 INFO [TestNG-tests-1] (SeleniumUtils.java:214) - Successfully waited for Iframe Button to be present on page.
 INFO [TestNG-tests-1] (SeleniumUtils.java:214) - Successfully waited for Description Text Input to be present on page.
 INFO [TestNG-tests-1] (SeleniumUtils.java:132) - Successfully entered Do you use THE PRODUCT all of the time or rarely when PERFORMING THE FUNCTION FOR WHICH ITS DESIGNED? in Description Text Input textbox.
 INFO [TestNG-tests-1] (SeleniumUtils.java:214) - Successfully waited for Save Button to be present on page.
 INFO [TestNG-tests-1] (SeleniumUtils.java:37) - Successfully clicked on Save Button element.
 INFO [TestNG-tests-1] (SeleniumUtils.java:626) - Successfully waited for loader to disappear.
 INFO [TestNG-tests-1] (SeleniumUtils.java:260) - Successfully waited for Like/Dislike Added Do you use THE PRODUCT all of the time or rarely when PERFORMING THE FUNCTION FOR WHICH ITS DESIGNED? to be present on page.
 INFO [TestNG-tests-1] (SeleniumUtils.java:260) - Successfully waited for Like/Dislike Added Do you use THE PRODUCT all of the time or rarely when PERFORMING THE FUNCTION FOR WHICH ITS DESIGNED? to be present on page.
 INFO [TestNG-tests-1] (SeleniumUtils.java:214) - Successfully waited for Ranking Button to be present on page.
 INFO [TestNG-tests-1] (SeleniumUtils.java:64) - Successfully double clicked on Ranking Button element.
 INFO [TestNG-tests-1] (SeleniumUtils.java:626) - Successfully waited for loader to disappear.
 INFO [TestNG-tests-1] (SeleniumUtils.java:214) - Successfully waited for Iframe Button to be present on page.
 INFO [TestNG-tests-1] (SeleniumUtils.java:214) - Successfully waited for Description Text Input to be present on page.
 INFO [TestNG-tests-1] (SeleniumUtils.java:132) - Successfully entered Which Product/Service type do you want to provide your feedback about in Description Text Input textbox.
 INFO [TestNG-tests-1] (SeleniumUtils.java:214) - Successfully waited for Answer Library Button to be present on page.
 INFO [TestNG-tests-1] (SeleniumUtils.java:37) - Successfully clicked on Answer Library Button element.
 INFO [TestNG-tests-1] (SeleniumUtils.java:214) - Successfully waited for Get Answer Options from Answer Library Button to be present on page.
 INFO [TestNG-tests-1] (SeleniumUtils.java:37) - Successfully clicked on Get Answer Options from Answer Library Button element.
 INFO [TestNG-tests-1] (SeleniumUtils.java:214) - Successfully waited for Ansers Library Button to be present on page.
 INFO [TestNG-tests-1] (SeleniumUtils.java:214) - Successfully waited for Iframe Answer Options to be present on page.
 INFO [TestNG-tests-1] (SeleniumUtils.java:260) - Successfully waited for Qualification to be present on page.
 INFO [TestNG-tests-1] (SeleniumUtils.java:81) - Successfully clicked on Qualification element.
 INFO [TestNG-tests-1] (SeleniumUtils.java:214) - Successfully waited for Use this list Button to be present on page.
 INFO [TestNG-tests-1] (SeleniumUtils.java:37) - Successfully clicked on Use this list Button element.
 INFO [TestNG-tests-1] (SeleniumUtils.java:214) - Successfully waited for Save Button to be present on page.
 INFO [TestNG-tests-1] (SeleniumUtils.java:37) - Successfully clicked on Save Button element.
 INFO [TestNG-tests-1] (SeleniumUtils.java:626) - Successfully waited for loader to disappear.
 INFO [TestNG-tests-1] (SeleniumUtils.java:260) - Successfully waited for Ranking Added Which Product/Service type do you want to provide your feedback about to be present on page.
 INFO [TestNG-tests-1] (SeleniumUtils.java:260) - Successfully waited for Ranking Added Which Product/Service type do you want to provide your feedback about to be present on page.
 INFO [TestNG-tests-1] (SeleniumUtils.java:214) - Successfully waited for Date Button to be present on page.
 INFO [TestNG-tests-1] (SeleniumUtils.java:64) - Successfully double clicked on Date Button element.
 INFO [TestNG-tests-1] (SeleniumUtils.java:626) - Successfully waited for loader to disappear.
 INFO [TestNG-tests-1] (SeleniumUtils.java:214) - Successfully waited for Iframe Button to be present on page.
 INFO [TestNG-tests-1] (SeleniumUtils.java:214) - Successfully waited for Description Text Input to be present on page.
 INFO [TestNG-tests-1] (SeleniumUtils.java:132) - Successfully entered Please enter the date of birth in Description Text Input textbox.
 INFO [TestNG-tests-1] (SeleniumUtils.java:214) - Successfully waited for Save Button to be present on page.
 INFO [TestNG-tests-1] (SeleniumUtils.java:37) - Successfully clicked on Save Button element.
 INFO [TestNG-tests-1] (SeleniumUtils.java:626) - Successfully waited for loader to disappear.
 INFO [TestNG-tests-1] (SeleniumUtils.java:260) - Successfully waited for Date Added Please enter the date of birth to be present on page.
 INFO [TestNG-tests-1] (SeleniumUtils.java:260) - Successfully waited for Date Added Please enter the date of birth to be present on page.
 INFO [TestNG-tests-1] (SeleniumUtils.java:214) - Successfully waited for Image Choice Button to be present on page.
 INFO [TestNG-tests-1] (SeleniumUtils.java:64) - Successfully double clicked on Image Choice Button element.
 INFO [TestNG-tests-1] (SeleniumUtils.java:626) - Successfully waited for loader to disappear.
 INFO [TestNG-tests-1] (SeleniumUtils.java:214) - Successfully waited for Iframe Button to be present on page.
 INFO [TestNG-tests-1] (SeleniumUtils.java:214) - Successfully waited for Description Text Input to be present on page.
 INFO [TestNG-tests-1] (SeleniumUtils.java:132) - Successfully entered Where you like to travel from the below place in Description Text Input textbox.
 INFO [TestNG-tests-1] (SeleniumUtils.java:214) - Successfully waited for Add Image to be present on page.
 INFO [TestNG-tests-1] (SeleniumUtils.java:37) - Successfully clicked on Add Image element.
 INFO [TestNG-tests-1] (SeleniumUtils.java:214) - Successfully waited for Iframe Questions Options to be present on page.
 INFO [TestNG-tests-1] (SeleniumUtils.java:620) - Successfully waited for loader to disappear.
 INFO [TestNG-tests-1] (SeleniumUtils.java:626) - Successfully waited for loader to disappear.
 INFO [TestNG-tests-1] (SeleniumUtils.java:620) - Successfully waited for loader to disappear.
 INFO [TestNG-tests-1] (SeleniumUtils.java:626) - Successfully waited for loader to disappear.
 INFO [TestNG-tests-1] (SeleniumUtils.java:214) - Successfully waited for Reporting Value to be present on page.
 INFO [TestNG-tests-1] (SeleniumUtils.java:132) - Successfully entered 6 in Reporting Value textbox.
 INFO [TestNG-tests-1] (SeleniumUtils.java:214) - Successfully waited for Add Image to be present on page.
 INFO [TestNG-tests-1] (SeleniumUtils.java:37) - Successfully clicked on Add Image element.
 INFO [TestNG-tests-1] (SeleniumUtils.java:620) - Successfully waited for loader to disappear.
 INFO [TestNG-tests-1] (SeleniumUtils.java:626) - Successfully waited for loader to disappear.
 INFO [TestNG-tests-1] (SeleniumUtils.java:620) - Successfully waited for loader to disappear.
 INFO [TestNG-tests-1] (SeleniumUtils.java:626) - Successfully waited for loader to disappear.
 INFO [TestNG-tests-1] (SeleniumUtils.java:214) - Successfully waited for Reporting Value to be present on page.
 INFO [TestNG-tests-1] (SeleniumUtils.java:132) - Successfully entered 7 in Reporting Value textbox.
 INFO [TestNG-tests-1] (SeleniumUtils.java:214) - Successfully waited for Save Button to be present on page.
 INFO [TestNG-tests-1] (SeleniumUtils.java:37) - Successfully clicked on Save Button element.
 INFO [TestNG-tests-1] (SeleniumUtils.java:620) - Successfully waited for loader to disappear.
 INFO [TestNG-tests-1] (SeleniumUtils.java:626) - Successfully waited for loader to disappear.
 INFO [TestNG-tests-1] (SeleniumUtils.java:214) - Successfully waited for Save Button to be present on page.
 INFO [TestNG-tests-1] (SeleniumUtils.java:37) - Successfully clicked on Save Button element.
 INFO [TestNG-tests-1] (SeleniumUtils.java:626) - Successfully waited for loader to disappear.
 INFO [TestNG-tests-1] (SeleniumUtils.java:260) - Successfully waited for Image Choice Added Where you like to travel from the below place to be present on page.
 INFO [TestNG-tests-1] (SeleniumUtils.java:260) - Successfully waited for Image Choice Added Where you like to travel from the below place to be present on page.
 INFO [TestNG-tests-1] (SeleniumUtils.java:597) - Image choice options added in the survey
 INFO [TestNG-tests-1] (SeleniumUtils.java:214) - Successfully waited for Multiple Textbox Button to be present on page.
 INFO [TestNG-tests-1] (SeleniumUtils.java:64) - Successfully double clicked on Multiple Textbox Button element.
 INFO [TestNG-tests-1] (SeleniumUtils.java:626) - Successfully waited for loader to disappear.
 INFO [TestNG-tests-1] (SeleniumUtils.java:214) - Successfully waited for Iframe Button to be present on page.
 INFO [TestNG-tests-1] (SeleniumUtils.java:214) - Successfully waited for Description Text Input to be present on page.
 INFO [TestNG-tests-1] (SeleniumUtils.java:132) - Successfully entered Please enter your qualification details below in Description Text Input textbox.
 INFO [TestNG-tests-1] (SeleniumUtils.java:214) - Successfully waited for Multi Textbox 1 Input to be present on page.
 INFO [TestNG-tests-1] (SeleniumUtils.java:132) - Successfully entered PHD in Multi Textbox 1 Input textbox.
 INFO [TestNG-tests-1] (SeleniumUtils.java:214) - Successfully waited for Multi Textbox 2 Input to be present on page.
 INFO [TestNG-tests-1] (SeleniumUtils.java:132) - Successfully entered Degree in Multi Textbox 2 Input textbox.
 INFO [TestNG-tests-1] (SeleniumUtils.java:214) - Successfully waited for Save Button to be present on page.
 INFO [TestNG-tests-1] (SeleniumUtils.java:37) - Successfully clicked on Save Button element.
 INFO [TestNG-tests-1] (SeleniumUtils.java:626) - Successfully waited for loader to disappear.
 INFO [TestNG-tests-1] (SeleniumUtils.java:260) - Successfully waited for Multi Text Box Added Please enter your qualification details below to be present on page.
 INFO [TestNG-tests-1] (SeleniumUtils.java:260) - Successfully waited for Multi Text Box Added Please enter your qualification details below to be present on page.
 INFO [TestNG-tests-1] (SeleniumUtils.java:597) - Multi Text Box options added in the survey
 INFO [TestNG-tests-1] (SeleniumUtils.java:214) - Successfully waited for Multiple DropDown Button to be present on page.
 INFO [TestNG-tests-1] (SeleniumUtils.java:64) - Successfully double clicked on Multiple DropDown Button element.
 INFO [TestNG-tests-1] (SeleniumUtils.java:626) - Successfully waited for loader to disappear.
 INFO [TestNG-tests-1] (SeleniumUtils.java:214) - Successfully waited for Iframe Button to be present on page.
 INFO [TestNG-tests-1] (SeleniumUtils.java:214) - Successfully waited for Description Text Input to be present on page.
 INFO [TestNG-tests-1] (SeleniumUtils.java:132) - Successfully entered To what extent do you think that THE PRODUCT is worth the price? in Description Text Input textbox.
 INFO [TestNG-tests-1] (SeleniumUtils.java:214) - Successfully waited for Answer Library Button to be present on page.
 INFO [TestNG-tests-1] (SeleniumUtils.java:37) - Successfully clicked on Answer Library Button element.
 INFO [TestNG-tests-1] (SeleniumUtils.java:620) - Successfully waited for loader to disappear.
 INFO [TestNG-tests-1] (SeleniumUtils.java:626) - Successfully waited for loader to disappear.
 INFO [TestNG-tests-1] (SeleniumUtils.java:218) - Get Answer Options from Answer Library Button not present on page.
]]></system-out>
    <system-err><![CDATA[Nov 24, 2020 9:12:52 PM org.openqa.selenium.remote.DesiredCapabilities chrome
INFO: Using `new ChromeOptions()` is preferred to `DesiredCapabilities.chrome()`
Starting ChromeDriver 87.0.4280.20 (c99e81631faa0b2a448e658c0dbd8311fb04ddbd-refs/branch-heads/4280@{#355}) on port 4269
Only local connections are allowed.
Please see https://chromedriver.chromium.org/security-considerations for suggestions on keeping ChromeDriver safe.
ChromeDriver was started successfully.
[1606232574.102][WARNING]: Deprecated chrome option is ignored: useAutomationExtension
[1606232574.102][WARNING]: Deprecated chrome option is ignored: useAutomationExtension
Nov 24, 2020 9:12:56 PM org.openqa.selenium.remote.ProtocolHandshake createSession
INFO: Detected dialect: W3C
]]></system-err>
  </testcase>
  <testcase name="reporterDataResults" classname="com.sogo.smoke.smxpage.SMXPage_TC" time="376.251">
    <failure message="timeout: Timed out receiving message from renderer: 10.000&#10;  (Session info: chrome=87.0.4280.66)&#10;Build info: version: &apos;3.141.59&apos;, revision: &apos;e82be7d358&apos;, time: &apos;2018-11-14T08:17:03&apos;&#10;System info: host: &apos;SANKET-PC&apos;, ip: &apos;192.168.1.18&apos;, os.name: &apos;Windows 10&apos;, os.arch: &apos;amd64&apos;, os.version: &apos;10.0&apos;, java.version: &apos;1.8.0_144&apos;&#10;Driver info: org.openqa.selenium.chrome.ChromeDriver&#10;Capabilities {acceptInsecureCerts: false, browserName: chrome, browserVersion: 87.0.4280.66, chrome: {chromedriverVersion: 87.0.4280.20 (c99e81631faa0..., userDataDir: C:\Users\Shanks\AppData\Loc...}, goog:chromeOptions: {debuggerAddress: localhost:19776}, javascriptEnabled: true, networkConnectionEnabled: false, pageLoadStrategy: normal, platform: WINDOWS, platformName: WINDOWS, proxy: Proxy(), setWindowRect: true, strictFileInteractability: false, timeouts: {implicit: 0, pageLoad: 300000, script: 30000}, unhandledPromptBehavior: accept, webauthn:virtualAuthenticators: true}&#10;Session ID: 7e5edabd0df25860381d57edc11d503e" type="org.openqa.selenium.TimeoutException">org.openqa.selenium.TimeoutException: 
timeout: Timed out receiving message from renderer: 10.000
  (Session info: chrome=87.0.4280.66)
Build info: version: '3.141.59', revision: 'e82be7d358', time: '2018-11-14T08:17:03'
System info: host: 'SANKET-PC', ip: '192.168.1.18', os.name: 'Windows 10', os.arch: 'amd64', os.version: '10.0', java.version: '1.8.0_144'
Driver info: org.openqa.selenium.chrome.ChromeDriver
Capabilities {acceptInsecureCerts: false, browserName: chrome, browserVersion: 87.0.4280.66, chrome: {chromedriverVersion: 87.0.4280.20 (c99e81631faa0..., userDataDir: C:\Users\Shanks\AppData\Loc...}, goog:chromeOptions: {debuggerAddress: localhost:19776}, javascriptEnabled: true, networkConnectionEnabled: false, pageLoadStrategy: normal, platform: WINDOWS, platformName: WINDOWS, proxy: Proxy(), setWindowRect: true, strictFileInteractability: false, timeouts: {implicit: 0, pageLoad: 300000, script: 30000}, unhandledPromptBehavior: accept, webauthn:virtualAuthenticators: true}
Session ID: 7e5edabd0df25860381d57edc11d503e
	at com.sogo.smoke.smxpage.SMXPage_TC.reporterDataResults(SMXPage_TC.java:133)
</failure>
    <system-err><![CDATA[[1606232898.687][SEVERE]: Timed out receiving message from renderer: 10.000
[1606232898.687][WARNING]: screenshot failed, retrying timeout: Timed out receiving message from renderer: 10.000
[1606232908.696][SEVERE]: Timed out receiving message from renderer: 10.000
[1606232918.719][SEVERE]: Timed out receiving message from renderer: 10.000
[1606232918.720][WARNING]: screenshot failed, retrying timeout: Timed out receiving message from renderer: 10.000
[1606232928.724][SEVERE]: Timed out receiving message from renderer: 10.000
[1606232938.734][SEVERE]: Timed out receiving message from renderer: 10.000
[1606232938.734][WARNING]: screenshot failed, retrying timeout: Timed out receiving message from renderer: 10.000
[1606232948.742][SEVERE]: Timed out receiving message from renderer: 10.000
]]></system-err>
  </testcase>
</testsuite>